APPBASE: Warning: The following configuration items in the config.ini file are redundantly set to
         their default value:
             sync-fetch-span, max-irreversible-block-age
         Explicit values will override future changes to application defaults. Consider commenting out or
         removing these items.
info  2022-09-01T15:50:22.124 nodeos-2. chain_plugin.cpp:638          plugin_initialize    ] initializing chain plugin
info  2022-09-01T15:50:22.124 nodeos-2. chain_plugin.cpp:456          operator()           ] Support for builtin protocol feature 'WTMSIG_BLOCK_SIGNATURES' (with digest of '299dcb6af692324b899b39f16d5a530a33062804e41f09dc97e9f156b4476707') is enabled with preactivation required
info  2022-09-01T15:50:22.124 nodeos-2. chain_plugin.cpp:566          operator()           ] Saved default specification for builtin protocol feature 'WTMSIG_BLOCK_SIGNATURES' (with digest of '299dcb6af692324b899b39f16d5a530a33062804e41f09dc97e9f156b4476707') to: /home/fred/battlefield-eosio-run2/boot/eos-new/protocol_features/BUILTIN-WTMSIG_BLOCK_SIGNATURES.json
info  2022-09-01T15:50:22.124 nodeos-2. chain_plugin.cpp:456          operator()           ] Support for builtin protocol feature 'WEBAUTHN_KEY' (with digest of '4fca8bd82bbd181e714e283f83e1b45d95ca5af40fb89ad3977b653c448f78c2') is enabled with preactivation required
info  2022-09-01T15:50:22.124 nodeos-2. chain_plugin.cpp:566          operator()           ] Saved default specification for builtin protocol feature 'WEBAUTHN_KEY' (with digest of '4fca8bd82bbd181e714e283f83e1b45d95ca5af40fb89ad3977b653c448f78c2') to: /home/fred/battlefield-eosio-run2/boot/eos-new/protocol_features/BUILTIN-WEBAUTHN_KEY.json
info  2022-09-01T15:50:22.124 nodeos-2. chain_plugin.cpp:456          operator()           ] Support for builtin protocol feature 'RAM_RESTRICTIONS' (with digest of '4e7bf348da00a945489b2a681749eb56f5de00b900014e137ddae39f48f69d67') is enabled with preactivation required
info  2022-09-01T15:50:22.124 nodeos-2. chain_plugin.cpp:566          operator()           ] Saved default specification for builtin protocol feature 'RAM_RESTRICTIONS' (with digest of '4e7bf348da00a945489b2a681749eb56f5de00b900014e137ddae39f48f69d67') to: /home/fred/battlefield-eosio-run2/boot/eos-new/protocol_features/BUILTIN-RAM_RESTRICTIONS.json
info  2022-09-01T15:50:22.124 nodeos-2. chain_plugin.cpp:456          operator()           ] Support for builtin protocol feature 'GET_SENDER' (with digest of 'f0af56d2c5a48d60a4a5b5c903edfb7db3a736a94ed589d0b797df33ff9d3e1d') is enabled with preactivation required
info  2022-09-01T15:50:22.124 nodeos-2. chain_plugin.cpp:566          operator()           ] Saved default specification for builtin protocol feature 'GET_SENDER' (with digest of 'f0af56d2c5a48d60a4a5b5c903edfb7db3a736a94ed589d0b797df33ff9d3e1d') to: /home/fred/battlefield-eosio-run2/boot/eos-new/protocol_features/BUILTIN-GET_SENDER.json
info  2022-09-01T15:50:22.124 nodeos-2. chain_plugin.cpp:456          operator()           ] Support for builtin protocol feature 'FORWARD_SETCODE' (with digest of '2652f5f96006294109b3dd0bbde63693f55324af452b799ee137a81a905eed25') is enabled with preactivation required
info  2022-09-01T15:50:22.124 nodeos-2. chain_plugin.cpp:566          operator()           ] Saved default specification for builtin protocol feature 'FORWARD_SETCODE' (with digest of '2652f5f96006294109b3dd0bbde63693f55324af452b799ee137a81a905eed25') to: /home/fred/battlefield-eosio-run2/boot/eos-new/protocol_features/BUILTIN-FORWARD_SETCODE.json
info  2022-09-01T15:50:22.124 nodeos-2. chain_plugin.cpp:456          operator()           ] Support for builtin protocol feature 'ONLY_BILL_FIRST_AUTHORIZER' (with digest of '8ba52fe7a3956c5cd3a656a3174b931d3bb2abb45578befc59f283ecd816a405') is enabled with preactivation required
info  2022-09-01T15:50:22.124 nodeos-2. chain_plugin.cpp:566          operator()           ] Saved default specification for builtin protocol feature 'ONLY_BILL_FIRST_AUTHORIZER' (with digest of '8ba52fe7a3956c5cd3a656a3174b931d3bb2abb45578befc59f283ecd816a405') to: /home/fred/battlefield-eosio-run2/boot/eos-new/protocol_features/BUILTIN-ONLY_BILL_FIRST_AUTHORIZER.json
info  2022-09-01T15:50:22.124 nodeos-2. chain_plugin.cpp:456          operator()           ] Support for builtin protocol feature 'RESTRICT_ACTION_TO_SELF' (with digest of 'ad9e3d8f650687709fd68f4b90b41f7d825a365b02c23a636cef88ac2ac00c43') is enabled with preactivation required
info  2022-09-01T15:50:22.124 nodeos-2. chain_plugin.cpp:566          operator()           ] Saved default specification for builtin protocol feature 'RESTRICT_ACTION_TO_SELF' (with digest of 'ad9e3d8f650687709fd68f4b90b41f7d825a365b02c23a636cef88ac2ac00c43') to: /home/fred/battlefield-eosio-run2/boot/eos-new/protocol_features/BUILTIN-RESTRICT_ACTION_TO_SELF.json
info  2022-09-01T15:50:22.124 nodeos-2. chain_plugin.cpp:456          operator()           ] Support for builtin protocol feature 'DISALLOW_EMPTY_PRODUCER_SCHEDULE' (with digest of '68dcaa34c0517d19666e6b33add67351d8c5f69e999ca1e37931bc410a297428') is enabled with preactivation required
info  2022-09-01T15:50:22.124 nodeos-2. chain_plugin.cpp:566          operator()           ] Saved default specification for builtin protocol feature 'DISALLOW_EMPTY_PRODUCER_SCHEDULE' (with digest of '68dcaa34c0517d19666e6b33add67351d8c5f69e999ca1e37931bc410a297428') to: /home/fred/battlefield-eosio-run2/boot/eos-new/protocol_features/BUILTIN-DISALLOW_EMPTY_PRODUCER_SCHEDULE.json
info  2022-09-01T15:50:22.124 nodeos-2. chain_plugin.cpp:456          operator()           ] Support for builtin protocol feature 'FIX_LINKAUTH_RESTRICTION' (with digest of 'e0fb64b1085cc5538970158d05a009c24e276fb94e1a0bf6a528b48fbc4ff526') is enabled with preactivation required
info  2022-09-01T15:50:22.124 nodeos-2. chain_plugin.cpp:566          operator()           ] Saved default specification for builtin protocol feature 'FIX_LINKAUTH_RESTRICTION' (with digest of 'e0fb64b1085cc5538970158d05a009c24e276fb94e1a0bf6a528b48fbc4ff526') to: /home/fred/battlefield-eosio-run2/boot/eos-new/protocol_features/BUILTIN-FIX_LINKAUTH_RESTRICTION.json
info  2022-09-01T15:50:22.124 nodeos-2. chain_plugin.cpp:456          operator()           ] Support for builtin protocol feature 'REPLACE_DEFERRED' (with digest of 'ef43112c6543b88db2283a2e077278c315ae2c84719a8b25f25cc88565fbea99') is enabled with preactivation required
info  2022-09-01T15:50:22.124 nodeos-2. chain_plugin.cpp:566          operator()           ] Saved default specification for builtin protocol feature 'REPLACE_DEFERRED' (with digest of 'ef43112c6543b88db2283a2e077278c315ae2c84719a8b25f25cc88565fbea99') to: /home/fred/battlefield-eosio-run2/boot/eos-new/protocol_features/BUILTIN-REPLACE_DEFERRED.json
info  2022-09-01T15:50:22.124 nodeos-2. chain_plugin.cpp:456          operator()           ] Support for builtin protocol feature 'NO_DUPLICATE_DEFERRED_ID' (with digest of '4a90c00d55454dc5b059055ca213579c6ea856967712a56017487886a4d4cc0f') is enabled with preactivation required
info  2022-09-01T15:50:22.124 nodeos-2. chain_plugin.cpp:566          operator()           ] Saved default specification for builtin protocol feature 'NO_DUPLICATE_DEFERRED_ID' (with digest of '4a90c00d55454dc5b059055ca213579c6ea856967712a56017487886a4d4cc0f') to: /home/fred/battlefield-eosio-run2/boot/eos-new/protocol_features/BUILTIN-NO_DUPLICATE_DEFERRED_ID.json
info  2022-09-01T15:50:22.124 nodeos-2. chain_plugin.cpp:456          operator()           ] Support for builtin protocol feature 'ONLY_LINK_TO_EXISTING_PERMISSION' (with digest of '1a99a59d87e06e09ec5b028a9cbb7749b4a5ad8819004365d02dc4379a8b7241') is enabled with preactivation required
info  2022-09-01T15:50:22.124 nodeos-2. chain_plugin.cpp:566          operator()           ] Saved default specification for builtin protocol feature 'ONLY_LINK_TO_EXISTING_PERMISSION' (with digest of '1a99a59d87e06e09ec5b028a9cbb7749b4a5ad8819004365d02dc4379a8b7241') to: /home/fred/battlefield-eosio-run2/boot/eos-new/protocol_features/BUILTIN-ONLY_LINK_TO_EXISTING_PERMISSION.json
info  2022-09-01T15:50:22.124 nodeos-2. chain_plugin.cpp:469          operator()           ] Support for builtin protocol feature 'PREACTIVATE_FEATURE' (with digest of '0ec7e080177b2c02b278d5088611686b49d739925a92d9bfcacd7fc6b74053bd') is enabled without activation restrictions
info  2022-09-01T15:50:22.124 nodeos-2. chain_plugin.cpp:566          operator()           ] Saved default specification for builtin protocol feature 'PREACTIVATE_FEATURE' (with digest of '0ec7e080177b2c02b278d5088611686b49d739925a92d9bfcacd7fc6b74053bd') to: /home/fred/battlefield-eosio-run2/boot/eos-new/protocol_features/BUILTIN-PREACTIVATE_FEATURE.json
info  2022-09-01T15:50:22.125 nodeos-2. chain_plugin.cpp:987          plugin_initialize    ] Using genesis state provided in '/home/fred/battlefield-eosio-run2/boot/eos-new/genesis.json'
info  2022-09-01T15:50:22.125 nodeos-2. chain_plugin.cpp:1018         plugin_initialize    ] Starting fresh blockchain state using provided genesis state.
info  2022-09-01T15:50:22.570 nodeos-2. platform_timer_accurac:62     compute_and_print_ti ] Checktime timer accuracy: min:0us max:9us mean:1us stddev:2us
info  2022-09-01T15:50:22.571 nodeos-2. http_plugin.cpp:742           plugin_initialize    ] configured http to listen on 0.0.0.0:9898
warn  2022-09-01T15:50:22.571 nodeos-2. net_api_plugin.cpp:91         plugin_initialize    ] 
**********SECURITY WARNING**********
*                                  *
* --         Net API            -- *
* - EXPOSED to the LOCAL NETWORK - *
* - USE ONLY ON SECURE NETWORKS! - *
*                                  *
************************************

info  2022-09-01T15:50:22.571 nodeos-2. producer_plugin.cpp:937       plugin_initialize    ] Subjective CPU billing disabled
warn  2022-09-01T15:50:22.571 nodeos-2. producer_api_plugin.cp:141    plugin_initialize    ] 
**********SECURITY WARNING**********
*                                  *
* --        Producer API        -- *
* - EXPOSED to the LOCAL NETWORK - *
* - USE ONLY ON SECURE NETWORKS! - *
*                                  *
************************************

info  2022-09-01T15:50:22.571 nodeos-2. main.cpp:138                  main                 ] nodeos version v2.0.12-dm.12.0 v2.0.12-dm.12.0-61551fd816d5d20835c4ccb7ed49b5d0c2553b54
info  2022-09-01T15:50:22.571 nodeos-2. main.cpp:139                  main                 ] nodeos using configuration file /home/fred/battlefield-eosio-run2/boot/eos-new/config.ini
info  2022-09-01T15:50:22.571 nodeos-2. main.cpp:140                  main                 ] nodeos data directory is /home/fred/battlefield-eosio-run2/boot/eos-new
warn  2022-09-01T15:50:22.571 nodeos-2. controller.cpp:583            startup              ] No existing chain state or fork database. Initializing fresh blockchain state and resetting fork database.
warn  2022-09-01T15:50:22.571 nodeos-2. controller.cpp:452            initialize_blockchai ] Initializing new blockchain with genesis state
info  2022-09-01T15:50:22.594 nodeos-2. chain_plugin.cpp:1234         plugin_startup       ] starting chain in read/write mode
info  2022-09-01T15:50:22.594 nodeos-2. chain_plugin.cpp:1239         plugin_startup       ] Blockchain started; head block is #1, genesis timestamp is 2018-07-23T17:14:45.000
info  2022-09-01T15:50:22.594 nodeos-2. net_plugin.cpp:3481           plugin_startup       ] my node_id is 3b81e2c7f90c3c96a2fbd75058c2ef9763ab37bca3455abbd7a286749c617e14
info  2022-09-01T15:50:22.594 nodeos-2. net_plugin.cpp:3537           plugin_startup       ] starting listener, max clients is 25
info  2022-09-01T15:50:22.597 nodeos-2. net_api_plugin.cpp:59         plugin_startup       ] starting net_api_plugin
info  2022-09-01T15:50:22.598 nodeos-2. http_plugin.cpp:927           add_handler          ] add api url: /v1/net/connect
info  2022-09-01T15:50:22.598 nodeos-2. http_plugin.cpp:927           add_handler          ] add api url: /v1/net/connections
info  2022-09-01T15:50:22.598 nodeos-2. http_plugin.cpp:927           add_handler          ] add api url: /v1/net/disconnect
info  2022-09-01T15:50:22.598 nodeos-2. http_plugin.cpp:927           add_handler          ] add api url: /v1/net/status
info  2022-09-01T15:50:22.598 nodeos-2. chain_api_plugin.cpp:105      plugin_startup       ] starting chain_api_plugin
info  2022-09-01T15:50:22.598 nodeos-2. http_plugin.cpp:927           add_handler          ] add api url: /v1/chain/get_info
info  2022-09-01T15:50:22.598 nodeos-2. http_plugin.cpp:927           add_handler          ] add api url: /v1/chain/abi_bin_to_json
info  2022-09-01T15:50:22.598 nodeos-2. http_plugin.cpp:927           add_handler          ] add api url: /v1/chain/abi_json_to_bin
info  2022-09-01T15:50:22.598 nodeos-2. http_plugin.cpp:927           add_handler          ] add api url: /v1/chain/get_abi
info  2022-09-01T15:50:22.598 nodeos-2. http_plugin.cpp:927           add_handler          ] add api url: /v1/chain/get_account
info  2022-09-01T15:50:22.598 nodeos-2. http_plugin.cpp:927           add_handler          ] add api url: /v1/chain/get_activated_protocol_features
info  2022-09-01T15:50:22.598 nodeos-2. http_plugin.cpp:927           add_handler          ] add api url: /v1/chain/get_block
info  2022-09-01T15:50:22.598 nodeos-2. http_plugin.cpp:927           add_handler          ] add api url: /v1/chain/get_block_header_state
info  2022-09-01T15:50:22.598 nodeos-2. http_plugin.cpp:927           add_handler          ] add api url: /v1/chain/get_code
info  2022-09-01T15:50:22.598 nodeos-2. http_plugin.cpp:927           add_handler          ] add api url: /v1/chain/get_code_hash
info  2022-09-01T15:50:22.598 nodeos-2. http_plugin.cpp:927           add_handler          ] add api url: /v1/chain/get_currency_balance
info  2022-09-01T15:50:22.598 nodeos-2. http_plugin.cpp:927           add_handler          ] add api url: /v1/chain/get_currency_stats
info  2022-09-01T15:50:22.598 nodeos-2. http_plugin.cpp:927           add_handler          ] add api url: /v1/chain/get_producer_schedule
info  2022-09-01T15:50:22.598 nodeos-2. http_plugin.cpp:927           add_handler          ] add api url: /v1/chain/get_producers
info  2022-09-01T15:50:22.598 nodeos-2. http_plugin.cpp:927           add_handler          ] add api url: /v1/chain/get_raw_abi
info  2022-09-01T15:50:22.598 nodeos-2. http_plugin.cpp:927           add_handler          ] add api url: /v1/chain/get_raw_code_and_abi
info  2022-09-01T15:50:22.598 nodeos-2. http_plugin.cpp:927           add_handler          ] add api url: /v1/chain/get_required_keys
info  2022-09-01T15:50:22.598 nodeos-2. http_plugin.cpp:927           add_handler          ] add api url: /v1/chain/get_scheduled_transactions
info  2022-09-01T15:50:22.598 nodeos-2. http_plugin.cpp:927           add_handler          ] add api url: /v1/chain/get_table_by_scope
info  2022-09-01T15:50:22.598 nodeos-2. http_plugin.cpp:927           add_handler          ] add api url: /v1/chain/get_table_rows
info  2022-09-01T15:50:22.598 nodeos-2. http_plugin.cpp:927           add_handler          ] add api url: /v1/chain/get_transaction_id
info  2022-09-01T15:50:22.598 nodeos-2. http_plugin.cpp:927           add_handler          ] add api url: /v1/chain/push_block
info  2022-09-01T15:50:22.598 nodeos-2. http_plugin.cpp:927           add_handler          ] add api url: /v1/chain/push_transaction
info  2022-09-01T15:50:22.598 nodeos-2. http_plugin.cpp:927           add_handler          ] add api url: /v1/chain/push_transactions
info  2022-09-01T15:50:22.598 nodeos-2. http_plugin.cpp:927           add_handler          ] add api url: /v1/chain/send_transaction
info  2022-09-01T15:50:22.598 nodeos-2. producer_plugin.cpp:1017      plugin_startup       ] producer plugin:  plugin_startup() begin
info  2022-09-01T15:50:22.598 nodeos-2. producer_plugin.cpp:1042      plugin_startup       ] Launching block production for 3 producers at 2022-09-01T15:50:22.598.
info  2022-09-01T15:50:22.598 nodeos-2. producer_plugin.cpp:1053      plugin_startup       ] producer plugin:  plugin_startup() end
info  2022-09-01T15:50:22.598 nodeos-2. producer_api_plugin.cp:89     plugin_startup       ] starting producer_api_plugin
info  2022-09-01T15:50:22.598 nodeos-2. http_plugin.cpp:927           add_handler          ] add api url: /v1/producer/add_greylist_accounts
info  2022-09-01T15:50:22.598 nodeos-2. http_plugin.cpp:927           add_handler          ] add api url: /v1/producer/create_snapshot
info  2022-09-01T15:50:22.598 nodeos-2. http_plugin.cpp:927           add_handler          ] add api url: /v1/producer/get_account_ram_corrections
info  2022-09-01T15:50:22.598 nodeos-2. http_plugin.cpp:927           add_handler          ] add api url: /v1/producer/get_greylist
info  2022-09-01T15:50:22.598 nodeos-2. http_plugin.cpp:927           add_handler          ] add api url: /v1/producer/get_integrity_hash
info  2022-09-01T15:50:22.598 nodeos-2. http_plugin.cpp:927           add_handler          ] add api url: /v1/producer/get_runtime_options
info  2022-09-01T15:50:22.598 nodeos-2. http_plugin.cpp:927           add_handler          ] add api url: /v1/producer/get_scheduled_protocol_feature_activations
info  2022-09-01T15:50:22.598 nodeos-2. http_plugin.cpp:927           add_handler          ] add api url: /v1/producer/get_supported_protocol_features
info  2022-09-01T15:50:22.598 nodeos-2. http_plugin.cpp:927           add_handler          ] add api url: /v1/producer/get_whitelist_blacklist
info  2022-09-01T15:50:22.598 nodeos-2. http_plugin.cpp:927           add_handler          ] add api url: /v1/producer/pause
info  2022-09-01T15:50:22.598 nodeos-2. http_plugin.cpp:927           add_handler          ] add api url: /v1/producer/paused
info  2022-09-01T15:50:22.598 nodeos-2. http_plugin.cpp:927           add_handler          ] add api url: /v1/producer/remove_greylist_accounts
info  2022-09-01T15:50:22.598 nodeos-2. http_plugin.cpp:927           add_handler          ] add api url: /v1/producer/resume
info  2022-09-01T15:50:22.598 nodeos-2. http_plugin.cpp:927           add_handler          ] add api url: /v1/producer/schedule_protocol_feature_activations
info  2022-09-01T15:50:22.598 nodeos-2. http_plugin.cpp:927           add_handler          ] add api url: /v1/producer/set_whitelist_blacklist
info  2022-09-01T15:50:22.598 nodeos-2. http_plugin.cpp:927           add_handler          ] add api url: /v1/producer/update_runtime_options
info  2022-09-01T15:50:22.598 nodeos-2. http_plugin.cpp:821           operator()           ] start listening for http requests
info  2022-09-01T15:50:22.598 nodeos-2. http_plugin.cpp:927           add_handler          ] add api url: /v1/node/get_supported_apis
info  2022-09-01T15:50:22.900 nodeos-2. producer_plugin.cpp:2293      produce_block        ] Produced block e77c5a5ac1fb315d... #2 @ 2022-09-01T15:50:23.000 signed by eosio [trxs: 0, lib: 1, confirmed: 0]
info  2022-09-01T15:50:23.307 nodeos-2. producer_plugin.cpp:2293      produce_block        ] Produced block 72f50b98b7c18f79... #3 @ 2022-09-01T15:50:23.500 signed by eosio [trxs: 29, lib: 2, confirmed: 0]
info  2022-09-01T15:50:23.908 nodeos-2. producer_plugin.cpp:2293      produce_block        ] Produced block b4d08c35c30eefed... #4 @ 2022-09-01T15:50:24.000 signed by eosio [trxs: 4, lib: 3, confirmed: 0]
info  2022-09-01T15:50:24.401 nodeos-2. producer_plugin.cpp:2293      produce_block        ] Produced block 735be193f6a98983... #5 @ 2022-09-01T15:50:24.500 signed by eosio [trxs: 0, lib: 4, confirmed: 0]
info  2022-09-01T15:50:24.900 nodeos-2. producer_plugin.cpp:2293      produce_block        ] Produced block d850e9b75365d997... #6 @ 2022-09-01T15:50:25.000 signed by eosio [trxs: 0, lib: 5, confirmed: 0]
info  2022-09-01T15:50:25.400 nodeos-2. producer_plugin.cpp:2293      produce_block        ] Produced block 1f56aca1dd1232e2... #7 @ 2022-09-01T15:50:25.500 signed by eosio [trxs: 0, lib: 6, confirmed: 0]
info  2022-09-01T15:50:25.900 nodeos-2. producer_plugin.cpp:2293      produce_block        ] Produced block ef664d2452f0ab5a... #8 @ 2022-09-01T15:50:26.000 signed by eosio [trxs: 2, lib: 7, confirmed: 0]
info  2022-09-01T15:50:26.400 nodeos-2. producer_plugin.cpp:2293      produce_block        ] Produced block 1dd19bd5e87d0947... #9 @ 2022-09-01T15:50:26.500 signed by eosio [trxs: 5, lib: 8, confirmed: 0]
info  2022-09-01T15:50:26.900 nodeos-2. producer_plugin.cpp:2293      produce_block        ] Produced block 47a0e1c615465947... #10 @ 2022-09-01T15:50:27.000 signed by eosio [trxs: 3, lib: 9, confirmed: 0]
info  2022-09-01T15:50:27.400 nodeos-2. producer_plugin.cpp:2293      produce_block        ] Produced block 429d8dcacc54c85c... #11 @ 2022-09-01T15:50:27.500 signed by eosio [trxs: 1, lib: 10, confirmed: 0]
info  2022-09-01T15:50:27.900 nodeos-2. producer_plugin.cpp:2293      produce_block        ] Produced block 3a71cddcac723df9... #12 @ 2022-09-01T15:50:28.000 signed by eosio [trxs: 5, lib: 11, confirmed: 0]
info  2022-09-01T15:50:28.400 nodeos-2. producer_plugin.cpp:2293      produce_block        ] Produced block 8ff30f2f4dcbb0cc... #13 @ 2022-09-01T15:50:28.500 signed by eosio [trxs: 0, lib: 12, confirmed: 0]
info  2022-09-01T15:50:28.900 nodeos-2. producer_plugin.cpp:2293      produce_block        ] Produced block d73d6adf400bc1a5... #14 @ 2022-09-01T15:50:29.000 signed by eosio [trxs: 1, lib: 13, confirmed: 0]
info  2022-09-01T15:50:29.300 nodeos-2. producer_plugin.cpp:2293      produce_block        ] Produced block 46e77dd3e323c091... #15 @ 2022-09-01T15:50:29.500 signed by eosio [trxs: 1, lib: 14, confirmed: 0]
info  2022-09-01T15:50:29.900 nodeos-2. producer_plugin.cpp:2293      produce_block        ] Produced block 3e9cd6c2f0a54b82... #16 @ 2022-09-01T15:50:30.000 signed by eosio [trxs: 3, lib: 15, confirmed: 0]
info  2022-09-01T15:50:30.400 nodeos-2. producer_plugin.cpp:2293      produce_block        ] Produced block d3be3f0bf8f14553... #17 @ 2022-09-01T15:50:30.500 signed by eosio [trxs: 1, lib: 16, confirmed: 0]
info  2022-09-01T15:50:30.900 nodeos-2. producer_plugin.cpp:2293      produce_block        ] Produced block a333adf11c9a096d... #18 @ 2022-09-01T15:50:31.000 signed by eosio [trxs: 0, lib: 17, confirmed: 0]
info  2022-09-01T15:50:31.400 nodeos-2. producer_plugin.cpp:2293      produce_block        ] Produced block 74d5a35f99cb9698... #19 @ 2022-09-01T15:50:31.500 signed by eosio [trxs: 1, lib: 18, confirmed: 0]
info  2022-09-01T15:50:31.900 nodeos-2. producer_plugin.cpp:2293      produce_block        ] Produced block 183757d4a3df1b5a... #20 @ 2022-09-01T15:50:32.000 signed by eosio [trxs: 1, lib: 19, confirmed: 0]
info  2022-09-01T15:50:32.400 nodeos-2. producer_plugin.cpp:2293      produce_block        ] Produced block 91cbcf4372554e11... #21 @ 2022-09-01T15:50:32.500 signed by eosio [trxs: 0, lib: 20, confirmed: 0]
info  2022-09-01T15:50:32.900 nodeos-2. producer_plugin.cpp:2293      produce_block        ] Produced block adcfe025a6e105ca... #22 @ 2022-09-01T15:50:33.000 signed by eosio [trxs: 2, lib: 21, confirmed: 0]
error 2022-09-01T15:50:33.277 nodeos-2. http_plugin.cpp:964           handle_exception     ] FC Exception encountered while processing chain.push_transaction
info  2022-09-01T15:50:33.400 nodeos-2. producer_plugin.cpp:2293      produce_block        ] Produced block 53b8d5dbe31c0657... #23 @ 2022-09-01T15:50:33.500 signed by eosio [trxs: 0, lib: 22, confirmed: 0]
info  2022-09-01T15:50:33.900 nodeos-2. producer_plugin.cpp:2293      produce_block        ] Produced block b74b7dcca0b7beb6... #24 @ 2022-09-01T15:50:34.000 signed by eosio [trxs: 0, lib: 23, confirmed: 0]
info  2022-09-01T15:50:34.400 nodeos-2. producer_plugin.cpp:2293      produce_block        ] Produced block 2914cd2ecd2fe0ec... #25 @ 2022-09-01T15:50:34.500 signed by eosio [trxs: 1, lib: 24, confirmed: 0]
info  2022-09-01T15:50:34.900 nodeos-2. producer_plugin.cpp:2293      produce_block        ] Produced block a1e43182ecdb5c17... #26 @ 2022-09-01T15:50:35.000 signed by eosio [trxs: 0, lib: 25, confirmed: 0]
info  2022-09-01T15:50:35.300 nodeos-2. producer_plugin.cpp:2293      produce_block        ] Produced block 11b2549bd0801270... #27 @ 2022-09-01T15:50:35.500 signed by eosio [trxs: 2, lib: 26, confirmed: 0]
info  2022-09-01T15:50:35.900 nodeos-2. producer_plugin.cpp:2293      produce_block        ] Produced block 312ef5cddfdb5a46... #28 @ 2022-09-01T15:50:36.000 signed by eosio [trxs: 0, lib: 27, confirmed: 0]
info  2022-09-01T15:50:36.400 nodeos-2. producer_plugin.cpp:2293      produce_block        ] Produced block 12741fb2faa71eeb... #29 @ 2022-09-01T15:50:36.500 signed by eosio [trxs: 2, lib: 28, confirmed: 0]
info  2022-09-01T15:50:36.900 nodeos-2. producer_plugin.cpp:2293      produce_block        ] Produced block 4d0326e092496151... #30 @ 2022-09-01T15:50:37.000 signed by eosio [trxs: 0, lib: 29, confirmed: 0]
info  2022-09-01T15:50:37.404 nodeos-2. producer_plugin.cpp:2293      produce_block        ] Produced block ff3c937f724390cb... #31 @ 2022-09-01T15:50:37.500 signed by eosio [trxs: 1, lib: 30, confirmed: 0]
info  2022-09-01T15:50:37.900 nodeos-2. producer_plugin.cpp:2293      produce_block        ] Produced block 42ec31b67ff5cded... #32 @ 2022-09-01T15:50:38.000 signed by eosio [trxs: 1, lib: 31, confirmed: 0]
info  2022-09-01T15:50:38.400 nodeos-2. producer_plugin.cpp:2293      produce_block        ] Produced block 2c62b2a9b9d4db00... #33 @ 2022-09-01T15:50:38.500 signed by eosio [trxs: 0, lib: 32, confirmed: 0]
info  2022-09-01T15:50:38.900 nodeos-2. producer_plugin.cpp:2293      produce_block        ] Produced block 0a79ed7494e6dd7c... #34 @ 2022-09-01T15:50:39.000 signed by eosio [trxs: 2, lib: 33, confirmed: 0]
info  2022-09-01T15:50:39.400 nodeos-2. producer_plugin.cpp:2293      produce_block        ] Produced block e611fa496f617b07... #35 @ 2022-09-01T15:50:39.500 signed by eosio [trxs: 0, lib: 34, confirmed: 0]
info  2022-09-01T15:50:39.900 nodeos-2. producer_plugin.cpp:2293      produce_block        ] Produced block 0caa1e38279675a8... #36 @ 2022-09-01T15:50:40.000 signed by eosio [trxs: 1, lib: 35, confirmed: 0]
info  2022-09-01T15:50:40.400 nodeos-2. producer_plugin.cpp:2293      produce_block        ] Produced block ee17da432c3293dd... #37 @ 2022-09-01T15:50:40.500 signed by eosio [trxs: 2, lib: 36, confirmed: 0]
info  2022-09-01T15:50:40.900 nodeos-2. producer_plugin.cpp:2293      produce_block        ] Produced block 9c208b7942d4253a... #38 @ 2022-09-01T15:50:41.000 signed by eosio [trxs: 0, lib: 37, confirmed: 0]
info  2022-09-01T15:50:41.300 nodeos-2. producer_plugin.cpp:2293      produce_block        ] Produced block fb50375fd997b056... #39 @ 2022-09-01T15:50:41.500 signed by eosio [trxs: 2, lib: 38, confirmed: 0]
info  2022-09-01T15:50:41.900 nodeos-2. producer_plugin.cpp:2293      produce_block        ] Produced block fc0316a9f28da374... #40 @ 2022-09-01T15:50:42.000 signed by eosio [trxs: 1, lib: 39, confirmed: 0]
info  2022-09-01T15:50:42.400 nodeos-2. producer_plugin.cpp:2293      produce_block        ] Produced block 9ff86190338260d8... #41 @ 2022-09-01T15:50:42.500 signed by eosio [trxs: 0, lib: 40, confirmed: 0]
info  2022-09-01T15:50:42.900 nodeos-2. producer_plugin.cpp:2293      produce_block        ] Produced block c22ce99d79a41e00... #42 @ 2022-09-01T15:50:43.000 signed by eosio [trxs: 2, lib: 41, confirmed: 0]
info  2022-09-01T15:50:43.400 nodeos-2. producer_plugin.cpp:2293      produce_block        ] Produced block 62029c94e832a436... #43 @ 2022-09-01T15:50:43.500 signed by eosio [trxs: 1, lib: 42, confirmed: 0]
info  2022-09-01T15:50:43.900 nodeos-2. producer_plugin.cpp:2293      produce_block        ] Produced block 87af2feab01c2cec... #44 @ 2022-09-01T15:50:44.000 signed by eosio [trxs: 2, lib: 43, confirmed: 0]
info  2022-09-01T15:50:44.400 nodeos-2. producer_plugin.cpp:2293      produce_block        ] Produced block 7efe640bd73e1bd4... #45 @ 2022-09-01T15:50:44.500 signed by eosio [trxs: 1, lib: 44, confirmed: 0]
info  2022-09-01T15:50:44.908 nodeos-2. producer_plugin.cpp:2293      produce_block        ] Produced block 362fa8299000af52... #46 @ 2022-09-01T15:50:45.000 signed by eosio [trxs: 0, lib: 45, confirmed: 0]
info  2022-09-01T15:50:45.400 nodeos-2. producer_plugin.cpp:2293      produce_block        ] Produced block 5dcf1f9a8363dcfa... #47 @ 2022-09-01T15:50:45.500 signed by eosio [trxs: 0, lib: 46, confirmed: 0]
info  2022-09-01T15:50:45.900 nodeos-2. producer_plugin.cpp:2293      produce_block        ] Produced block 1a2f039c6f8cd153... #48 @ 2022-09-01T15:50:46.000 signed by eosio [trxs: 1, lib: 47, confirmed: 0]
info  2022-09-01T15:50:46.400 nodeos-2. producer_plugin.cpp:2293      produce_block        ] Produced block bc887a5d20bb7cdc... #49 @ 2022-09-01T15:50:46.500 signed by eosio [trxs: 1, lib: 48, confirmed: 0]
info  2022-09-01T15:50:46.900 nodeos-2. producer_plugin.cpp:2293      produce_block        ] Produced block 416cd9a77b007550... #50 @ 2022-09-01T15:50:47.000 signed by eosio [trxs: 1, lib: 49, confirmed: 0]
info  2022-09-01T15:50:47.300 nodeos-2. producer_plugin.cpp:2293      produce_block        ] Produced block eda01980c27c5f0a... #51 @ 2022-09-01T15:50:47.500 signed by eosio [trxs: 0, lib: 50, confirmed: 0]
info  2022-09-01T15:50:47.900 nodeos-2. producer_plugin.cpp:2293      produce_block        ] Produced block 4ca0f522b782673a... #52 @ 2022-09-01T15:50:48.000 signed by eosio [trxs: 1, lib: 51, confirmed: 0]
info  2022-09-01T15:50:48.400 nodeos-2. producer_plugin.cpp:2293      produce_block        ] Produced block d2d712bd7cced5a9... #53 @ 2022-09-01T15:50:48.500 signed by eosio [trxs: 1, lib: 52, confirmed: 0]
info  2022-09-01T15:50:48.900 nodeos-2. producer_plugin.cpp:2293      produce_block        ] Produced block 95d4264101de4bcc... #54 @ 2022-09-01T15:50:49.000 signed by eosio [trxs: 0, lib: 53, confirmed: 0]
info  2022-09-01T15:50:49.400 nodeos-2. producer_plugin.cpp:2293      produce_block        ] Produced block 7e8ba29f520008bd... #55 @ 2022-09-01T15:50:49.500 signed by eosio [trxs: 1, lib: 54, confirmed: 0]
info  2022-09-01T15:50:49.908 nodeos-2. producer_plugin.cpp:2293      produce_block        ] Produced block 38b1c64cce64fa21... #56 @ 2022-09-01T15:50:50.000 signed by eosio [trxs: 1, lib: 55, confirmed: 0]
info  2022-09-01T15:50:50.400 nodeos-2. producer_plugin.cpp:2293      produce_block        ] Produced block 01a1281b9bb2f273... #57 @ 2022-09-01T15:50:50.500 signed by eosio [trxs: 1, lib: 56, confirmed: 0]
info  2022-09-01T15:50:50.900 nodeos-2. producer_plugin.cpp:2293      produce_block        ] Produced block 7136fcc9a406b67f... #58 @ 2022-09-01T15:50:51.000 signed by eosio [trxs: 1, lib: 57, confirmed: 0]
info  2022-09-01T15:50:51.400 nodeos-2. producer_plugin.cpp:2293      produce_block        ] Produced block 2e13442edb586ae8... #59 @ 2022-09-01T15:50:51.500 signed by eosio [trxs: 1, lib: 58, confirmed: 0]
info  2022-09-01T15:50:51.900 nodeos-2. producer_plugin.cpp:2293      produce_block        ] Produced block 9db0bbff2e650847... #60 @ 2022-09-01T15:50:52.000 signed by eosio [trxs: 1, lib: 59, confirmed: 0]
info  2022-09-01T15:50:52.400 nodeos-2. producer_plugin.cpp:2293      produce_block        ] Produced block 111b31152f228107... #61 @ 2022-09-01T15:50:52.500 signed by eosio [trxs: 0, lib: 60, confirmed: 0]
info  2022-09-01T15:50:52.900 nodeos-2. producer_plugin.cpp:2293      produce_block        ] Produced block 0554196e6345ca76... #62 @ 2022-09-01T15:50:53.000 signed by eosio [trxs: 1, lib: 61, confirmed: 0]
info  2022-09-01T15:50:53.300 nodeos-2. producer_plugin.cpp:2293      produce_block        ] Produced block 7ea8c3f1f2adb8b7... #63 @ 2022-09-01T15:50:53.500 signed by eosio [trxs: 1, lib: 62, confirmed: 0]
info  2022-09-01T15:50:53.900 nodeos-2. producer_plugin.cpp:2293      produce_block        ] Produced block 21ec5a5e6bfd62a1... #64 @ 2022-09-01T15:50:54.000 signed by eosio [trxs: 0, lib: 63, confirmed: 0]
info  2022-09-01T15:50:54.400 nodeos-2. producer_plugin.cpp:2293      produce_block        ] Produced block d6045bca8cba4a16... #65 @ 2022-09-01T15:50:54.500 signed by eosio [trxs: 1, lib: 64, confirmed: 0]
info  2022-09-01T15:50:54.908 nodeos-2. producer_plugin.cpp:2293      produce_block        ] Produced block d3a8e04c573e0673... #66 @ 2022-09-01T15:50:55.000 signed by eosio [trxs: 1, lib: 65, confirmed: 0]
info  2022-09-01T15:50:55.383 nodeos-2. controller.cpp:3067           set_proposed_produce ] proposed producer schedule with version 1
info  2022-09-01T15:50:55.400 nodeos-2. producer_plugin.cpp:2293      produce_block        ] Produced block 39364903e14a3001... #67 @ 2022-09-01T15:50:55.500 signed by eosio [trxs: 1, lib: 66, confirmed: 0]
info  2022-09-01T15:50:55.500 nodeos-2. controller.cpp:1683           start_block          ] promoting proposed schedule (set in block 67) to pending; current block: 68 lib: 67 schedule: {"version":1,"producers":[{"producer_name":"eosio2","authority":[0,{"threshold":1,"keys":[{"key":"EOS5MHPYyhjBjnQZejzZHqHewPWhGTfQWSVTWYEhDmJu4SXkzgweP","weight":1}]}]}]} 
info  2022-09-01T15:50:55.900 nodeos-2. producer_plugin.cpp:2293      produce_block        ] Produced block 2481b7a6a75086a0... #68 @ 2022-09-01T15:50:56.000 signed by eosio [trxs: 0, lib: 67, confirmed: 0]
info  2022-09-01T15:50:56.400 nodeos-2. producer_plugin.cpp:2293      produce_block        ] Produced block 44e2f9576e83a8ab... #69 @ 2022-09-01T15:50:56.500 signed by eosio [trxs: 0, lib: 68, confirmed: 0]
info  2022-09-01T15:50:56.900 nodeos-2. producer_plugin.cpp:2293      produce_block        ] Produced block f757f71456ecd42b... #70 @ 2022-09-01T15:50:57.000 signed by eosio2 [trxs: 0, lib: 69, confirmed: 0]
info  2022-09-01T15:50:57.405 nodeos-2. producer_plugin.cpp:2293      produce_block        ] Produced block ec17d9316d631c5b... #71 @ 2022-09-01T15:50:57.500 signed by eosio2 [trxs: 1, lib: 70, confirmed: 0]
info  2022-09-01T15:50:57.900 nodeos-2. producer_plugin.cpp:2293      produce_block        ] Produced block 3bcc762a14d7c9e5... #72 @ 2022-09-01T15:50:58.000 signed by eosio2 [trxs: 0, lib: 71, confirmed: 0]
info  2022-09-01T15:50:58.000 nodeos-2. producer_plugin.cpp:1636      start_block          ] signaling activation of the following protocol features in block 73: ["0ec7e080177b2c02b278d5088611686b49d739925a92d9bfcacd7fc6b74053bd"]
info  2022-09-01T15:50:58.408 nodeos-2. producer_plugin.cpp:2293      produce_block        ] Produced block a3f967acfb66203c... #73 @ 2022-09-01T15:50:58.500 signed by eosio2 [trxs: 1, lib: 72, confirmed: 0]
info  2022-09-01T15:50:58.901 nodeos-2. producer_plugin.cpp:2293      produce_block        ] Produced block d3e9aa16ae206d30... #74 @ 2022-09-01T15:50:59.000 signed by eosio2 [trxs: 0, lib: 73, confirmed: 0]
info  2022-09-01T15:50:59.300 nodeos-2. producer_plugin.cpp:2293      produce_block        ] Produced block e97b4725febcb3ff... #75 @ 2022-09-01T15:50:59.500 signed by eosio2 [trxs: 0, lib: 74, confirmed: 0]
info  2022-09-01T15:50:59.908 nodeos-2. producer_plugin.cpp:2293      produce_block        ] Produced block 81f4b55da8b213ef... #76 @ 2022-09-01T15:51:00.000 signed by eosio2 [trxs: 0, lib: 75, confirmed: 0]
info  2022-09-01T15:51:00.400 nodeos-2. producer_plugin.cpp:2293      produce_block        ] Produced block eb13570dfad1d808... #77 @ 2022-09-01T15:51:00.500 signed by eosio2 [trxs: 3, lib: 76, confirmed: 0]
info  2022-09-01T15:51:00.900 nodeos-2. producer_plugin.cpp:2293      produce_block        ] Produced block 059a5ce2fdbe0f74... #78 @ 2022-09-01T15:51:01.000 signed by eosio2 [trxs: 4, lib: 77, confirmed: 0]
info  2022-09-01T15:51:01.400 nodeos-2. producer_plugin.cpp:2293      produce_block        ] Produced block d2161f903725a7ce... #79 @ 2022-09-01T15:51:01.500 signed by eosio2 [trxs: 4, lib: 78, confirmed: 0]
info  2022-09-01T15:51:01.900 nodeos-2. producer_plugin.cpp:2293      produce_block        ] Produced block 2af9b1cbfbf20079... #80 @ 2022-09-01T15:51:02.000 signed by eosio2 [trxs: 1, lib: 79, confirmed: 0]
info  2022-09-01T15:51:02.400 nodeos-2. producer_plugin.cpp:2293      produce_block        ] Produced block 5a3c7e37f44a7d4c... #81 @ 2022-09-01T15:51:02.500 signed by eosio2 [trxs: 0, lib: 80, confirmed: 0]
info  2022-09-01T15:51:02.900 nodeos-2. producer_plugin.cpp:2293      produce_block        ] Produced block cafc74d918c2fe46... #82 @ 2022-09-01T15:51:03.000 signed by eosio2 [trxs: 0, lib: 81, confirmed: 0]
info  2022-09-01T15:51:03.400 nodeos-2. producer_plugin.cpp:2293      produce_block        ] Produced block 22cc76352371f410... #83 @ 2022-09-01T15:51:03.500 signed by eosio2 [trxs: 0, lib: 82, confirmed: 0]
info  2022-09-01T15:51:03.900 nodeos-2. producer_plugin.cpp:2293      produce_block        ] Produced block e01036a01a14266c... #84 @ 2022-09-01T15:51:04.000 signed by eosio2 [trxs: 0, lib: 83, confirmed: 0]
info  2022-09-01T15:51:04.400 nodeos-2. producer_plugin.cpp:2293      produce_block        ] Produced block 01cfb7f2d92e722f... #85 @ 2022-09-01T15:51:04.500 signed by eosio2 [trxs: 0, lib: 84, confirmed: 0]
info  2022-09-01T15:51:04.908 nodeos-2. producer_plugin.cpp:2293      produce_block        ] Produced block a08f565d77fa92e1... #86 @ 2022-09-01T15:51:05.000 signed by eosio2 [trxs: 0, lib: 85, confirmed: 0]
info  2022-09-01T15:51:05.300 nodeos-2. producer_plugin.cpp:2293      produce_block        ] Produced block f141d1f48d1d2116... #87 @ 2022-09-01T15:51:05.500 signed by eosio2 [trxs: 2, lib: 86, confirmed: 0]
info  2022-09-01T15:51:05.900 nodeos-2. producer_plugin.cpp:2293      produce_block        ] Produced block d3278bf524e57100... #88 @ 2022-09-01T15:51:06.000 signed by eosio2 [trxs: 0, lib: 87, confirmed: 0]
info  2022-09-01T15:51:06.400 nodeos-2. producer_plugin.cpp:2293      produce_block        ] Produced block 887c8257ce080516... #89 @ 2022-09-01T15:51:06.500 signed by eosio2 [trxs: 1, lib: 88, confirmed: 0]
info  2022-09-01T15:51:06.697 nodeos-2. controller.cpp:3067           set_proposed_produce ] proposed producer schedule with version 2
info  2022-09-01T15:51:06.901 nodeos-2. producer_plugin.cpp:2293      produce_block        ] Produced block bb1e7ed06db12169... #90 @ 2022-09-01T15:51:07.000 signed by eosio2 [trxs: 1, lib: 89, confirmed: 0]
info  2022-09-01T15:51:07.000 nodeos-2. controller.cpp:1683           start_block          ] promoting proposed schedule (set in block 90) to pending; current block: 91 lib: 90 schedule: {"version":2,"producers":[{"producer_name":"eosio3","authority":[0,{"threshold":1,"keys":[{"key":"EOS5MHPYyhjBjnQZejzZHqHewPWhGTfQWSVTWYEhDmJu4SXkzgweP","weight":1}]}]}]} 
info  2022-09-01T15:51:07.400 nodeos-2. producer_plugin.cpp:2293      produce_block        ] Produced block d804db3dc9734d87... #91 @ 2022-09-01T15:51:07.500 signed by eosio2 [trxs: 0, lib: 90, confirmed: 0]
info  2022-09-01T15:51:07.900 nodeos-2. producer_plugin.cpp:2293      produce_block        ] Produced block 91767280432c2653... #92 @ 2022-09-01T15:51:08.000 signed by eosio2 [trxs: 0, lib: 91, confirmed: 0]
info  2022-09-01T15:51:08.400 nodeos-2. producer_plugin.cpp:2293      produce_block        ] Produced block 3c5f6cf1b07db7a7... #93 @ 2022-09-01T15:51:08.500 signed by eosio3 [trxs: 0, lib: 92, confirmed: 0]
info  2022-09-01T15:51:08.908 nodeos-2. producer_plugin.cpp:2293      produce_block        ] Produced block a27f5886a2120016... #94 @ 2022-09-01T15:51:09.000 signed by eosio3 [trxs: 1, lib: 93, confirmed: 0]
info  2022-09-01T15:51:09.401 nodeos-2. producer_plugin.cpp:2293      produce_block        ] Produced block 9ddff2cf1a16c910... #95 @ 2022-09-01T15:51:09.500 signed by eosio3 [trxs: 1, lib: 94, confirmed: 0]
info  2022-09-01T15:51:09.908 nodeos-2. producer_plugin.cpp:2293      produce_block        ] Produced block f56ab9a0d33c331d... #96 @ 2022-09-01T15:51:10.000 signed by eosio3 [trxs: 5, lib: 95, confirmed: 0]
info  2022-09-01T15:51:10.400 nodeos-2. producer_plugin.cpp:2293      produce_block        ] Produced block e74580d68bb99938... #97 @ 2022-09-01T15:51:10.500 signed by eosio3 [trxs: 5, lib: 96, confirmed: 0]
info  2022-09-01T15:51:10.900 nodeos-2. producer_plugin.cpp:2293      produce_block        ] Produced block 3169029771ba323c... #98 @ 2022-09-01T15:51:11.000 signed by eosio3 [trxs: 5, lib: 97, confirmed: 0]
info  2022-09-01T15:51:11.300 nodeos-2. producer_plugin.cpp:2293      produce_block        ] Produced block 88c8b9b0a0a740ab... #99 @ 2022-09-01T15:51:11.500 signed by eosio3 [trxs: 4, lib: 98, confirmed: 0]
info  2022-09-01T15:51:11.900 nodeos-2. producer_plugin.cpp:2293      produce_block        ] Produced block 3ee3b248f3d36757... #100 @ 2022-09-01T15:51:12.000 signed by eosio3 [trxs: 5, lib: 99, confirmed: 0]
info  2022-09-01T15:51:12.400 nodeos-2. producer_plugin.cpp:2293      produce_block        ] Produced block d801162ac8b661de... #101 @ 2022-09-01T15:51:12.500 signed by eosio3 [trxs: 5, lib: 100, confirmed: 0]
info  2022-09-01T15:51:12.900 nodeos-2. producer_plugin.cpp:2293      produce_block        ] Produced block b6ead7a1dceb2606... #102 @ 2022-09-01T15:51:13.000 signed by eosio3 [trxs: 5, lib: 101, confirmed: 0]
info  2022-09-01T15:51:13.400 nodeos-2. producer_plugin.cpp:2293      produce_block        ] Produced block 3e68eb33361be7b8... #103 @ 2022-09-01T15:51:13.500 signed by eosio3 [trxs: 5, lib: 102, confirmed: 0]
info  2022-09-01T15:51:13.900 nodeos-2. producer_plugin.cpp:2293      produce_block        ] Produced block 14d571908237f2bc... #104 @ 2022-09-01T15:51:14.000 signed by eosio3 [trxs: 5, lib: 103, confirmed: 0]
info  2022-09-01T15:51:14.400 nodeos-2. producer_plugin.cpp:2293      produce_block        ] Produced block b605430321208750... #105 @ 2022-09-01T15:51:14.500 signed by eosio3 [trxs: 5, lib: 104, confirmed: 0]
info  2022-09-01T15:51:14.908 nodeos-2. producer_plugin.cpp:2293      produce_block        ] Produced block 6043c81021966581... #106 @ 2022-09-01T15:51:15.000 signed by eosio3 [trxs: 5, lib: 105, confirmed: 0]
info  2022-09-01T15:51:15.400 nodeos-2. producer_plugin.cpp:2293      produce_block        ] Produced block 08ef36910b7cc73e... #107 @ 2022-09-01T15:51:15.500 signed by eosio3 [trxs: 5, lib: 106, confirmed: 0]
info  2022-09-01T15:51:15.900 nodeos-2. producer_plugin.cpp:2293      produce_block        ] Produced block c838d93b2ef1e7e2... #108 @ 2022-09-01T15:51:16.000 signed by eosio3 [trxs: 5, lib: 107, confirmed: 0]
info  2022-09-01T15:51:16.400 nodeos-2. producer_plugin.cpp:2293      produce_block        ] Produced block f41c98943823023a... #109 @ 2022-09-01T15:51:16.500 signed by eosio3 [trxs: 5, lib: 108, confirmed: 0]
info  2022-09-01T15:51:16.900 nodeos-2. producer_plugin.cpp:2293      produce_block        ] Produced block 1ab262a08245a1b9... #110 @ 2022-09-01T15:51:17.000 signed by eosio3 [trxs: 5, lib: 109, confirmed: 0]
info  2022-09-01T15:51:17.300 nodeos-2. producer_plugin.cpp:2293      produce_block        ] Produced block 8e7dca827268a858... #111 @ 2022-09-01T15:51:17.500 signed by eosio3 [trxs: 4, lib: 110, confirmed: 0]
info  2022-09-01T15:51:17.900 nodeos-2. producer_plugin.cpp:2293      produce_block        ] Produced block 947d82e81f03d403... #112 @ 2022-09-01T15:51:18.000 signed by eosio3 [trxs: 5, lib: 111, confirmed: 0]
info  2022-09-01T15:51:18.400 nodeos-2. producer_plugin.cpp:2293      produce_block        ] Produced block f93e640726da069e... #113 @ 2022-09-01T15:51:18.500 signed by eosio3 [trxs: 5, lib: 112, confirmed: 0]
info  2022-09-01T15:51:18.900 nodeos-2. producer_plugin.cpp:2293      produce_block        ] Produced block 0353cf45dff0325d... #114 @ 2022-09-01T15:51:19.000 signed by eosio3 [trxs: 5, lib: 113, confirmed: 0]
info  2022-09-01T15:51:19.400 nodeos-2. producer_plugin.cpp:2293      produce_block        ] Produced block 49957dedd0b60dfc... #115 @ 2022-09-01T15:51:19.500 signed by eosio3 [trxs: 5, lib: 114, confirmed: 0]
info  2022-09-01T15:51:19.908 nodeos-2. producer_plugin.cpp:2293      produce_block        ] Produced block 791fd9418bb74b19... #116 @ 2022-09-01T15:51:20.000 signed by eosio3 [trxs: 5, lib: 115, confirmed: 0]
info  2022-09-01T15:51:20.400 nodeos-2. producer_plugin.cpp:2293      produce_block        ] Produced block c89170602146442d... #117 @ 2022-09-01T15:51:20.500 signed by eosio3 [trxs: 5, lib: 116, confirmed: 0]
info  2022-09-01T15:51:20.900 nodeos-2. producer_plugin.cpp:2293      produce_block        ] Produced block f3fc902f1de84377... #118 @ 2022-09-01T15:51:21.000 signed by eosio3 [trxs: 5, lib: 117, confirmed: 0]
info  2022-09-01T15:51:21.400 nodeos-2. producer_plugin.cpp:2293      produce_block        ] Produced block 6d3225d0d2c4757e... #119 @ 2022-09-01T15:51:21.500 signed by eosio3 [trxs: 5, lib: 118, confirmed: 0]
info  2022-09-01T15:51:21.900 nodeos-2. producer_plugin.cpp:2293      produce_block        ] Produced block 322872e38d2d956a... #120 @ 2022-09-01T15:51:22.000 signed by eosio3 [trxs: 5, lib: 119, confirmed: 0]
info  2022-09-01T15:51:22.400 nodeos-2. producer_plugin.cpp:2293      produce_block        ] Produced block 59e3a48659bc5810... #121 @ 2022-09-01T15:51:22.500 signed by eosio3 [trxs: 5, lib: 120, confirmed: 0]
info  2022-09-01T15:51:22.900 nodeos-2. producer_plugin.cpp:2293      produce_block        ] Produced block 178e746cb6c32082... #122 @ 2022-09-01T15:51:23.000 signed by eosio3 [trxs: 5, lib: 121, confirmed: 0]
info  2022-09-01T15:51:23.300 nodeos-2. producer_plugin.cpp:2293      produce_block        ] Produced block edafdb922780c2fb... #123 @ 2022-09-01T15:51:23.500 signed by eosio3 [trxs: 4, lib: 122, confirmed: 0]
info  2022-09-01T15:51:23.900 nodeos-2. producer_plugin.cpp:2293      produce_block        ] Produced block fbc91d196a771e4f... #124 @ 2022-09-01T15:51:24.000 signed by eosio3 [trxs: 5, lib: 123, confirmed: 0]
info  2022-09-01T15:51:24.400 nodeos-2. producer_plugin.cpp:2293      produce_block        ] Produced block b3771d3ea1603b7a... #125 @ 2022-09-01T15:51:24.500 signed by eosio3 [trxs: 5, lib: 124, confirmed: 0]
info  2022-09-01T15:51:24.900 nodeos-2. producer_plugin.cpp:2293      produce_block        ] Produced block e53035ce8738ca10... #126 @ 2022-09-01T15:51:25.000 signed by eosio3 [trxs: 5, lib: 125, confirmed: 0]
info  2022-09-01T15:51:25.400 nodeos-2. producer_plugin.cpp:2293      produce_block        ] Produced block df11eea10ab26637... #127 @ 2022-09-01T15:51:25.500 signed by eosio3 [trxs: 5, lib: 126, confirmed: 0]
info  2022-09-01T15:51:25.900 nodeos-2. producer_plugin.cpp:2293      produce_block        ] Produced block 85484953db291b33... #128 @ 2022-09-01T15:51:26.000 signed by eosio3 [trxs: 5, lib: 127, confirmed: 0]
info  2022-09-01T15:51:26.400 nodeos-2. producer_plugin.cpp:2293      produce_block        ] Produced block b97eccfe6f6d8d5b... #129 @ 2022-09-01T15:51:26.500 signed by eosio3 [trxs: 5, lib: 128, confirmed: 0]
info  2022-09-01T15:51:26.900 nodeos-2. producer_plugin.cpp:2293      produce_block        ] Produced block b9c3bc35074a7ba3... #130 @ 2022-09-01T15:51:27.000 signed by eosio3 [trxs: 5, lib: 129, confirmed: 0]
info  2022-09-01T15:51:27.400 nodeos-2. producer_plugin.cpp:2293      produce_block        ] Produced block 829559768e169cc3... #131 @ 2022-09-01T15:51:27.500 signed by eosio3 [trxs: 5, lib: 130, confirmed: 0]
info  2022-09-01T15:51:27.900 nodeos-2. producer_plugin.cpp:2293      produce_block        ] Produced block 3e4ba49cf770f492... #132 @ 2022-09-01T15:51:28.000 signed by eosio3 [trxs: 5, lib: 131, confirmed: 0]
info  2022-09-01T15:51:28.400 nodeos-2. producer_plugin.cpp:2293      produce_block        ] Produced block 14e2718e2f80ec32... #133 @ 2022-09-01T15:51:28.500 signed by eosio3 [trxs: 5, lib: 132, confirmed: 0]
info  2022-09-01T15:51:28.900 nodeos-2. producer_plugin.cpp:2293      produce_block        ] Produced block 0ddbc23da4346ef7... #134 @ 2022-09-01T15:51:29.000 signed by eosio3 [trxs: 5, lib: 133, confirmed: 0]
info  2022-09-01T15:51:29.300 nodeos-2. producer_plugin.cpp:2293      produce_block        ] Produced block 45e8157a7815f500... #135 @ 2022-09-01T15:51:29.500 signed by eosio3 [trxs: 4, lib: 134, confirmed: 0]
info  2022-09-01T15:51:29.900 nodeos-2. producer_plugin.cpp:2293      produce_block        ] Produced block 1e0897ad713a97f3... #136 @ 2022-09-01T15:51:30.000 signed by eosio3 [trxs: 5, lib: 135, confirmed: 0]
info  2022-09-01T15:51:30.400 nodeos-2. producer_plugin.cpp:2293      produce_block        ] Produced block dfde638034ce1a94... #137 @ 2022-09-01T15:51:30.500 signed by eosio3 [trxs: 5, lib: 136, confirmed: 0]
info  2022-09-01T15:51:30.900 nodeos-2. producer_plugin.cpp:2293      produce_block        ] Produced block a5c2bbade3ee4064... #138 @ 2022-09-01T15:51:31.000 signed by eosio3 [trxs: 5, lib: 137, confirmed: 0]
info  2022-09-01T15:51:31.400 nodeos-2. producer_plugin.cpp:2293      produce_block        ] Produced block cb66445513f6d69d... #139 @ 2022-09-01T15:51:31.500 signed by eosio3 [trxs: 5, lib: 138, confirmed: 0]
info  2022-09-01T15:51:31.900 nodeos-2. producer_plugin.cpp:2293      produce_block        ] Produced block bc849a1dece6d585... #140 @ 2022-09-01T15:51:32.000 signed by eosio3 [trxs: 5, lib: 139, confirmed: 0]
info  2022-09-01T15:51:32.400 nodeos-2. producer_plugin.cpp:2293      produce_block        ] Produced block 0a014f935a114ccf... #141 @ 2022-09-01T15:51:32.500 signed by eosio3 [trxs: 5, lib: 140, confirmed: 0]
info  2022-09-01T15:51:32.900 nodeos-2. producer_plugin.cpp:2293      produce_block        ] Produced block ec5272bbe35286c3... #142 @ 2022-09-01T15:51:33.000 signed by eosio3 [trxs: 5, lib: 141, confirmed: 0]
info  2022-09-01T15:51:33.400 nodeos-2. producer_plugin.cpp:2293      produce_block        ] Produced block ee20fb329b39a106... #143 @ 2022-09-01T15:51:33.500 signed by eosio3 [trxs: 5, lib: 142, confirmed: 0]
info  2022-09-01T15:51:33.900 nodeos-2. producer_plugin.cpp:2293      produce_block        ] Produced block 499a460df5d78e36... #144 @ 2022-09-01T15:51:34.000 signed by eosio3 [trxs: 5, lib: 143, confirmed: 0]
info  2022-09-01T15:51:34.400 nodeos-2. producer_plugin.cpp:2293      produce_block        ] Produced block 2083fc68db9ab877... #145 @ 2022-09-01T15:51:34.500 signed by eosio3 [trxs: 5, lib: 144, confirmed: 0]
info  2022-09-01T15:51:34.900 nodeos-2. producer_plugin.cpp:2293      produce_block        ] Produced block 55ed44512879eecb... #146 @ 2022-09-01T15:51:35.000 signed by eosio3 [trxs: 5, lib: 145, confirmed: 0]
info  2022-09-01T15:51:35.300 nodeos-2. producer_plugin.cpp:2293      produce_block        ] Produced block d31f5b848fc46313... #147 @ 2022-09-01T15:51:35.500 signed by eosio3 [trxs: 4, lib: 146, confirmed: 0]
info  2022-09-01T15:51:35.901 nodeos-2. producer_plugin.cpp:2293      produce_block        ] Produced block 4f1263fb9571df87... #148 @ 2022-09-01T15:51:36.000 signed by eosio3 [trxs: 5, lib: 147, confirmed: 0]
info  2022-09-01T15:51:36.400 nodeos-2. producer_plugin.cpp:2293      produce_block        ] Produced block 089ea28e99d83a30... #149 @ 2022-09-01T15:51:36.500 signed by eosio3 [trxs: 5, lib: 148, confirmed: 0]
info  2022-09-01T15:51:36.900 nodeos-2. producer_plugin.cpp:2293      produce_block        ] Produced block 5488905f0d171994... #150 @ 2022-09-01T15:51:37.000 signed by eosio3 [trxs: 5, lib: 149, confirmed: 0]
info  2022-09-01T15:51:37.400 nodeos-2. producer_plugin.cpp:2293      produce_block        ] Produced block dbf88203d877f94b... #151 @ 2022-09-01T15:51:37.500 signed by eosio3 [trxs: 5, lib: 150, confirmed: 0]
info  2022-09-01T15:51:37.900 nodeos-2. producer_plugin.cpp:2293      produce_block        ] Produced block 66825ef0fca7cbb8... #152 @ 2022-09-01T15:51:38.000 signed by eosio3 [trxs: 5, lib: 151, confirmed: 0]
info  2022-09-01T15:51:38.400 nodeos-2. producer_plugin.cpp:2293      produce_block        ] Produced block 4524aff47dc4b00e... #153 @ 2022-09-01T15:51:38.500 signed by eosio3 [trxs: 5, lib: 152, confirmed: 0]
info  2022-09-01T15:51:38.900 nodeos-2. producer_plugin.cpp:2293      produce_block        ] Produced block 14f4f8a027990763... #154 @ 2022-09-01T15:51:39.000 signed by eosio3 [trxs: 5, lib: 153, confirmed: 0]
info  2022-09-01T15:51:39.400 nodeos-2. producer_plugin.cpp:2293      produce_block        ] Produced block 893d36a69f004ce7... #155 @ 2022-09-01T15:51:39.500 signed by eosio3 [trxs: 5, lib: 154, confirmed: 0]
info  2022-09-01T15:51:39.900 nodeos-2. producer_plugin.cpp:2293      produce_block        ] Produced block 2b32c143efd13793... #156 @ 2022-09-01T15:51:40.000 signed by eosio3 [trxs: 5, lib: 155, confirmed: 0]
info  2022-09-01T15:51:40.400 nodeos-2. producer_plugin.cpp:2293      produce_block        ] Produced block 858d2ffe32385621... #157 @ 2022-09-01T15:51:40.500 signed by eosio3 [trxs: 5, lib: 156, confirmed: 0]
info  2022-09-01T15:51:40.900 nodeos-2. producer_plugin.cpp:2293      produce_block        ] Produced block d48784b08c1087ba... #158 @ 2022-09-01T15:51:41.000 signed by eosio3 [trxs: 5, lib: 157, confirmed: 0]
info  2022-09-01T15:51:41.300 nodeos-2. producer_plugin.cpp:2293      produce_block        ] Produced block 7f56be93b457384a... #159 @ 2022-09-01T15:51:41.500 signed by eosio3 [trxs: 4, lib: 158, confirmed: 0]
info  2022-09-01T15:51:41.901 nodeos-2. producer_plugin.cpp:2293      produce_block        ] Produced block 52dc572c92c4029e... #160 @ 2022-09-01T15:51:42.000 signed by eosio3 [trxs: 5, lib: 159, confirmed: 0]
info  2022-09-01T15:51:42.400 nodeos-2. producer_plugin.cpp:2293      produce_block        ] Produced block 593b5f42243fb19a... #161 @ 2022-09-01T15:51:42.500 signed by eosio3 [trxs: 5, lib: 160, confirmed: 0]
info  2022-09-01T15:51:42.900 nodeos-2. producer_plugin.cpp:2293      produce_block        ] Produced block 24458d02d3b45fb0... #162 @ 2022-09-01T15:51:43.000 signed by eosio3 [trxs: 5, lib: 161, confirmed: 0]
info  2022-09-01T15:51:43.401 nodeos-2. producer_plugin.cpp:2293      produce_block        ] Produced block f4286413f9169d66... #163 @ 2022-09-01T15:51:43.500 signed by eosio3 [trxs: 5, lib: 162, confirmed: 0]
info  2022-09-01T15:51:43.900 nodeos-2. producer_plugin.cpp:2293      produce_block        ] Produced block 6ef86945073d1e4f... #164 @ 2022-09-01T15:51:44.000 signed by eosio3 [trxs: 5, lib: 163, confirmed: 0]
info  2022-09-01T15:51:44.400 nodeos-2. producer_plugin.cpp:2293      produce_block        ] Produced block d3866ae9ac28d25a... #165 @ 2022-09-01T15:51:44.500 signed by eosio3 [trxs: 5, lib: 164, confirmed: 0]
info  2022-09-01T15:51:44.901 nodeos-2. producer_plugin.cpp:2293      produce_block        ] Produced block 67ba7f70204f2a2d... #166 @ 2022-09-01T15:51:45.000 signed by eosio3 [trxs: 5, lib: 165, confirmed: 0]
info  2022-09-01T15:51:45.400 nodeos-2. producer_plugin.cpp:2293      produce_block        ] Produced block 0d67d4489226832d... #167 @ 2022-09-01T15:51:45.500 signed by eosio3 [trxs: 5, lib: 166, confirmed: 0]
info  2022-09-01T15:51:45.900 nodeos-2. producer_plugin.cpp:2293      produce_block        ] Produced block 3267e043d68a13a8... #168 @ 2022-09-01T15:51:46.000 signed by eosio3 [trxs: 5, lib: 167, confirmed: 0]
info  2022-09-01T15:51:46.401 nodeos-2. producer_plugin.cpp:2293      produce_block        ] Produced block 50e7daab5ab6f3c7... #169 @ 2022-09-01T15:51:46.500 signed by eosio3 [trxs: 5, lib: 168, confirmed: 0]
info  2022-09-01T15:51:46.900 nodeos-2. producer_plugin.cpp:2293      produce_block        ] Produced block 2fde781799c1e98e... #170 @ 2022-09-01T15:51:47.000 signed by eosio3 [trxs: 5, lib: 169, confirmed: 0]
info  2022-09-01T15:51:47.300 nodeos-2. producer_plugin.cpp:2293      produce_block        ] Produced block 1a60bdcc3fee48d2... #171 @ 2022-09-01T15:51:47.500 signed by eosio3 [trxs: 4, lib: 170, confirmed: 0]
info  2022-09-01T15:51:47.900 nodeos-2. producer_plugin.cpp:2293      produce_block        ] Produced block 667d8d5aba5f658b... #172 @ 2022-09-01T15:51:48.000 signed by eosio3 [trxs: 5, lib: 171, confirmed: 0]
info  2022-09-01T15:51:48.400 nodeos-2. producer_plugin.cpp:2293      produce_block        ] Produced block f74b828d490dfa12... #173 @ 2022-09-01T15:51:48.500 signed by eosio3 [trxs: 5, lib: 172, confirmed: 0]
info  2022-09-01T15:51:48.900 nodeos-2. producer_plugin.cpp:2293      produce_block        ] Produced block f2e4b3b6afd2bfc2... #174 @ 2022-09-01T15:51:49.000 signed by eosio3 [trxs: 5, lib: 173, confirmed: 0]
info  2022-09-01T15:51:49.400 nodeos-2. producer_plugin.cpp:2293      produce_block        ] Produced block 4b86cdd589930735... #175 @ 2022-09-01T15:51:49.500 signed by eosio3 [trxs: 5, lib: 174, confirmed: 0]
info  2022-09-01T15:51:49.900 nodeos-2. producer_plugin.cpp:2293      produce_block        ] Produced block 032dbbe5952650ef... #176 @ 2022-09-01T15:51:50.000 signed by eosio3 [trxs: 5, lib: 175, confirmed: 0]
info  2022-09-01T15:51:50.400 nodeos-2. producer_plugin.cpp:2293      produce_block        ] Produced block b248c260708a9037... #177 @ 2022-09-01T15:51:50.500 signed by eosio3 [trxs: 1, lib: 176, confirmed: 0]
info  2022-09-01T15:51:50.900 nodeos-2. producer_plugin.cpp:2293      produce_block        ] Produced block afa7284dc4209e7f... #178 @ 2022-09-01T15:51:51.000 signed by eosio3 [trxs: 0, lib: 177, confirmed: 0]
info  2022-09-01T15:51:51.400 nodeos-2. producer_plugin.cpp:2293      produce_block        ] Produced block dc7f6e43f1b0a46d... #179 @ 2022-09-01T15:51:51.500 signed by eosio3 [trxs: 0, lib: 178, confirmed: 0]
info  2022-09-01T15:51:51.900 nodeos-2. producer_plugin.cpp:2293      produce_block        ] Produced block 61fead9202f9bfe1... #180 @ 2022-09-01T15:51:52.000 signed by eosio3 [trxs: 0, lib: 179, confirmed: 0]
info  2022-09-01T15:51:52.400 nodeos-2. producer_plugin.cpp:2293      produce_block        ] Produced block 96de900fb8b0ea12... #181 @ 2022-09-01T15:51:52.500 signed by eosio3 [trxs: 0, lib: 180, confirmed: 0]
info  2022-09-01T15:51:52.900 nodeos-2. producer_plugin.cpp:2293      produce_block        ] Produced block 28007d88de29c94b... #182 @ 2022-09-01T15:51:53.000 signed by eosio3 [trxs: 0, lib: 181, confirmed: 0]
info  2022-09-01T15:51:53.300 nodeos-2. producer_plugin.cpp:2293      produce_block        ] Produced block 98b269d61f1d1621... #183 @ 2022-09-01T15:51:53.500 signed by eosio3 [trxs: 0, lib: 182, confirmed: 0]
info  2022-09-01T15:51:53.900 nodeos-2. producer_plugin.cpp:2293      produce_block        ] Produced block 79d53ccd93d21797... #184 @ 2022-09-01T15:51:54.000 signed by eosio3 [trxs: 0, lib: 183, confirmed: 0]
info  2022-09-01T15:51:54.400 nodeos-2. producer_plugin.cpp:2293      produce_block        ] Produced block aa2d6f955a11bf37... #185 @ 2022-09-01T15:51:54.500 signed by eosio3 [trxs: 0, lib: 184, confirmed: 0]
info  2022-09-01T15:51:54.900 nodeos-2. producer_plugin.cpp:2293      produce_block        ] Produced block d9466d9e7d5cd685... #186 @ 2022-09-01T15:51:55.000 signed by eosio3 [trxs: 0, lib: 185, confirmed: 0]
info  2022-09-01T15:51:55.400 nodeos-2. producer_plugin.cpp:2293      produce_block        ] Produced block 30a6665007082504... #187 @ 2022-09-01T15:51:55.500 signed by eosio3 [trxs: 0, lib: 186, confirmed: 0]
info  2022-09-01T15:51:55.900 nodeos-2. producer_plugin.cpp:2293      produce_block        ] Produced block a1c1ec7065078ce8... #188 @ 2022-09-01T15:51:56.000 signed by eosio3 [trxs: 0, lib: 187, confirmed: 0]
info  2022-09-01T15:51:56.400 nodeos-2. producer_plugin.cpp:2293      produce_block        ] Produced block 2ba3378b3ad01f88... #189 @ 2022-09-01T15:51:56.500 signed by eosio3 [trxs: 0, lib: 188, confirmed: 0]
info  2022-09-01T15:51:56.900 nodeos-2. producer_plugin.cpp:2293      produce_block        ] Produced block ece75d4ce9ebddaf... #190 @ 2022-09-01T15:51:57.000 signed by eosio3 [trxs: 0, lib: 189, confirmed: 0]
info  2022-09-01T15:51:57.400 nodeos-2. producer_plugin.cpp:2293      produce_block        ] Produced block 10c39181d4b1b800... #191 @ 2022-09-01T15:51:57.500 signed by eosio3 [trxs: 0, lib: 190, confirmed: 0]
info  2022-09-01T15:51:57.908 nodeos-2. producer_plugin.cpp:2293      produce_block        ] Produced block 8d4ae247850e6169... #192 @ 2022-09-01T15:51:58.000 signed by eosio3 [trxs: 0, lib: 191, confirmed: 0]
info  2022-09-01T15:51:58.400 nodeos-2. producer_plugin.cpp:2293      produce_block        ] Produced block 4fe2d4826410e81e... #193 @ 2022-09-01T15:51:58.500 signed by eosio3 [trxs: 0, lib: 192, confirmed: 0]
info  2022-09-01T15:51:58.900 nodeos-2. producer_plugin.cpp:2293      produce_block        ] Produced block c71f78b7c4b50ec4... #194 @ 2022-09-01T15:51:59.000 signed by eosio3 [trxs: 0, lib: 193, confirmed: 0]
info  2022-09-01T15:51:59.300 nodeos-2. producer_plugin.cpp:2293      produce_block        ] Produced block 3eb0a999886eb5f4... #195 @ 2022-09-01T15:51:59.500 signed by eosio3 [trxs: 0, lib: 194, confirmed: 0]
info  2022-09-01T15:51:59.900 nodeos-2. producer_plugin.cpp:2293      produce_block        ] Produced block cc03d6c45a1e9cff... #196 @ 2022-09-01T15:52:00.000 signed by eosio3 [trxs: 0, lib: 195, confirmed: 0]
info  2022-09-01T15:52:00.400 nodeos-2. producer_plugin.cpp:2293      produce_block        ] Produced block b97b784bdb1811cb... #197 @ 2022-09-01T15:52:00.500 signed by eosio3 [trxs: 0, lib: 196, confirmed: 0]
info  2022-09-01T15:52:00.900 nodeos-2. producer_plugin.cpp:2293      produce_block        ] Produced block f6dc06bc3e7ced0d... #198 @ 2022-09-01T15:52:01.000 signed by eosio3 [trxs: 0, lib: 197, confirmed: 0]
info  2022-09-01T15:52:01.400 nodeos-2. producer_plugin.cpp:2293      produce_block        ] Produced block a52259ec6d66b890... #199 @ 2022-09-01T15:52:01.500 signed by eosio3 [trxs: 0, lib: 198, confirmed: 0]
info  2022-09-01T15:52:01.900 nodeos-2. producer_plugin.cpp:2293      produce_block        ] Produced block a86eb962861ec9b0... #200 @ 2022-09-01T15:52:02.000 signed by eosio3 [trxs: 0, lib: 199, confirmed: 0]
info  2022-09-01T15:52:02.400 nodeos-2. producer_plugin.cpp:2293      produce_block        ] Produced block 2e60aa0d912a1582... #201 @ 2022-09-01T15:52:02.500 signed by eosio3 [trxs: 0, lib: 200, confirmed: 0]
info  2022-09-01T15:52:02.908 nodeos-2. producer_plugin.cpp:2293      produce_block        ] Produced block f9003e5330a41c5d... #202 @ 2022-09-01T15:52:03.000 signed by eosio3 [trxs: 0, lib: 201, confirmed: 0]
info  2022-09-01T15:52:03.400 nodeos-2. producer_plugin.cpp:2293      produce_block        ] Produced block b3fa55b6744ba37e... #203 @ 2022-09-01T15:52:03.500 signed by eosio3 [trxs: 0, lib: 202, confirmed: 0]
info  2022-09-01T15:52:03.900 nodeos-2. producer_plugin.cpp:2293      produce_block        ] Produced block 41e045ff208f6282... #204 @ 2022-09-01T15:52:04.000 signed by eosio3 [trxs: 0, lib: 203, confirmed: 0]
info  2022-09-01T15:52:04.400 nodeos-2. producer_plugin.cpp:2293      produce_block        ] Produced block 19600dd64c9dc6d1... #205 @ 2022-09-01T15:52:04.500 signed by eosio3 [trxs: 0, lib: 204, confirmed: 0]
info  2022-09-01T15:52:04.900 nodeos-2. producer_plugin.cpp:2293      produce_block        ] Produced block ff01f1a825ef0705... #206 @ 2022-09-01T15:52:05.000 signed by eosio3 [trxs: 0, lib: 205, confirmed: 0]
info  2022-09-01T15:52:05.300 nodeos-2. producer_plugin.cpp:2293      produce_block        ] Produced block 1fc782676e77437b... #207 @ 2022-09-01T15:52:05.500 signed by eosio3 [trxs: 0, lib: 206, confirmed: 0]
info  2022-09-01T15:52:05.900 nodeos-2. producer_plugin.cpp:2293      produce_block        ] Produced block 4712e4dc8b78263b... #208 @ 2022-09-01T15:52:06.000 signed by eosio3 [trxs: 0, lib: 207, confirmed: 0]
info  2022-09-01T15:52:06.400 nodeos-2. producer_plugin.cpp:2293      produce_block        ] Produced block 6e7a5c0568a3437b... #209 @ 2022-09-01T15:52:06.500 signed by eosio3 [trxs: 0, lib: 208, confirmed: 0]
info  2022-09-01T15:52:06.900 nodeos-2. producer_plugin.cpp:2293      produce_block        ] Produced block 0b9f1e9db18a7601... #210 @ 2022-09-01T15:52:07.000 signed by eosio3 [trxs: 0, lib: 209, confirmed: 0]
info  2022-09-01T15:52:07.400 nodeos-2. producer_plugin.cpp:2293      produce_block        ] Produced block 440aa2e3af94f03d... #211 @ 2022-09-01T15:52:07.500 signed by eosio3 [trxs: 0, lib: 210, confirmed: 0]
info  2022-09-01T15:52:07.908 nodeos-2. producer_plugin.cpp:2293      produce_block        ] Produced block 0a942aa4614794fc... #212 @ 2022-09-01T15:52:08.000 signed by eosio3 [trxs: 0, lib: 211, confirmed: 0]
info  2022-09-01T15:52:08.400 nodeos-2. producer_plugin.cpp:2293      produce_block        ] Produced block 12717af4ae7f26ca... #213 @ 2022-09-01T15:52:08.500 signed by eosio3 [trxs: 0, lib: 212, confirmed: 0]
info  2022-09-01T15:52:08.900 nodeos-2. producer_plugin.cpp:2293      produce_block        ] Produced block bc2d406e01d52282... #214 @ 2022-09-01T15:52:09.000 signed by eosio3 [trxs: 0, lib: 213, confirmed: 0]
info  2022-09-01T15:52:09.400 nodeos-2. producer_plugin.cpp:2293      produce_block        ] Produced block 349e56277d7da74f... #215 @ 2022-09-01T15:52:09.500 signed by eosio3 [trxs: 0, lib: 214, confirmed: 0]
info  2022-09-01T15:52:09.900 nodeos-2. producer_plugin.cpp:2293      produce_block        ] Produced block 788732abc12f2c38... #216 @ 2022-09-01T15:52:10.000 signed by eosio3 [trxs: 0, lib: 215, confirmed: 0]
info  2022-09-01T15:52:10.400 nodeos-2. producer_plugin.cpp:2293      produce_block        ] Produced block cfc07a2b2b9ef8ea... #217 @ 2022-09-01T15:52:10.500 signed by eosio3 [trxs: 0, lib: 216, confirmed: 0]
info  2022-09-01T15:52:10.900 nodeos-2. producer_plugin.cpp:2293      produce_block        ] Produced block 1c9ec8011a90d826... #218 @ 2022-09-01T15:52:11.000 signed by eosio3 [trxs: 0, lib: 217, confirmed: 0]
info  2022-09-01T15:52:11.300 nodeos-2. producer_plugin.cpp:2293      produce_block        ] Produced block adb552df9f728081... #219 @ 2022-09-01T15:52:11.500 signed by eosio3 [trxs: 0, lib: 218, confirmed: 0]
info  2022-09-01T15:52:11.900 nodeos-2. producer_plugin.cpp:2293      produce_block        ] Produced block 3114120035b0475a... #220 @ 2022-09-01T15:52:12.000 signed by eosio3 [trxs: 0, lib: 219, confirmed: 0]
info  2022-09-01T15:52:12.400 nodeos-2. producer_plugin.cpp:2293      produce_block        ] Produced block bff634025fe6f857... #221 @ 2022-09-01T15:52:12.500 signed by eosio3 [trxs: 0, lib: 220, confirmed: 0]
info  2022-09-01T15:52:12.900 nodeos-2. producer_plugin.cpp:2293      produce_block        ] Produced block 32c9bca6926c0f08... #222 @ 2022-09-01T15:52:13.000 signed by eosio3 [trxs: 0, lib: 221, confirmed: 0]
info  2022-09-01T15:52:13.400 nodeos-2. producer_plugin.cpp:2293      produce_block        ] Produced block 66e8905d29dc2b5c... #223 @ 2022-09-01T15:52:13.500 signed by eosio3 [trxs: 0, lib: 222, confirmed: 0]
info  2022-09-01T15:52:13.900 nodeos-2. producer_plugin.cpp:2293      produce_block        ] Produced block e2c481bd7ae2f37a... #224 @ 2022-09-01T15:52:14.000 signed by eosio3 [trxs: 0, lib: 223, confirmed: 0]
info  2022-09-01T15:52:14.400 nodeos-2. producer_plugin.cpp:2293      produce_block        ] Produced block 74228eae6a7ff265... #225 @ 2022-09-01T15:52:14.500 signed by eosio3 [trxs: 0, lib: 224, confirmed: 0]
info  2022-09-01T15:52:14.900 nodeos-2. producer_plugin.cpp:2293      produce_block        ] Produced block 73e06bd32f3d3be5... #226 @ 2022-09-01T15:52:15.000 signed by eosio3 [trxs: 0, lib: 225, confirmed: 0]
info  2022-09-01T15:52:15.400 nodeos-2. producer_plugin.cpp:2293      produce_block        ] Produced block d8f4dc6b772d3e86... #227 @ 2022-09-01T15:52:15.500 signed by eosio3 [trxs: 0, lib: 226, confirmed: 0]
info  2022-09-01T15:52:15.900 nodeos-2. producer_plugin.cpp:2293      produce_block        ] Produced block aff4af40774d2abf... #228 @ 2022-09-01T15:52:16.000 signed by eosio3 [trxs: 0, lib: 227, confirmed: 0]
info  2022-09-01T15:52:16.400 nodeos-2. producer_plugin.cpp:2293      produce_block        ] Produced block ab979fa19cef4353... #229 @ 2022-09-01T15:52:16.500 signed by eosio3 [trxs: 0, lib: 228, confirmed: 0]
info  2022-09-01T15:52:16.900 nodeos-2. producer_plugin.cpp:2293      produce_block        ] Produced block 30804f80c258ff48... #230 @ 2022-09-01T15:52:17.000 signed by eosio3 [trxs: 0, lib: 229, confirmed: 0]
info  2022-09-01T15:52:17.300 nodeos-2. producer_plugin.cpp:2293      produce_block        ] Produced block b9a1b521cd941390... #231 @ 2022-09-01T15:52:17.500 signed by eosio3 [trxs: 0, lib: 230, confirmed: 0]
info  2022-09-01T15:52:17.908 nodeos-2. producer_plugin.cpp:2293      produce_block        ] Produced block f92bdb8252e5c7b1... #232 @ 2022-09-01T15:52:18.000 signed by eosio3 [trxs: 0, lib: 231, confirmed: 0]
info  2022-09-01T15:52:18.400 nodeos-2. producer_plugin.cpp:2293      produce_block        ] Produced block fccc8063f76013e0... #233 @ 2022-09-01T15:52:18.500 signed by eosio3 [trxs: 0, lib: 232, confirmed: 0]
info  2022-09-01T15:52:18.900 nodeos-2. producer_plugin.cpp:2293      produce_block        ] Produced block 569532d814c247e2... #234 @ 2022-09-01T15:52:19.000 signed by eosio3 [trxs: 0, lib: 233, confirmed: 0]
info  2022-09-01T15:52:19.400 nodeos-2. producer_plugin.cpp:2293      produce_block        ] Produced block 4324480b6ea863f6... #235 @ 2022-09-01T15:52:19.500 signed by eosio3 [trxs: 0, lib: 234, confirmed: 0]
info  2022-09-01T15:52:19.900 nodeos-2. producer_plugin.cpp:2293      produce_block        ] Produced block f0a3b4148edc9d06... #236 @ 2022-09-01T15:52:20.000 signed by eosio3 [trxs: 0, lib: 235, confirmed: 0]
info  2022-09-01T15:52:20.400 nodeos-2. producer_plugin.cpp:2293      produce_block        ] Produced block e814e420b2eaaa4c... #237 @ 2022-09-01T15:52:20.500 signed by eosio3 [trxs: 0, lib: 236, confirmed: 0]
info  2022-09-01T15:52:20.900 nodeos-2. producer_plugin.cpp:2293      produce_block        ] Produced block 2ae2c4024a381add... #238 @ 2022-09-01T15:52:21.000 signed by eosio3 [trxs: 0, lib: 237, confirmed: 0]
info  2022-09-01T15:52:21.303 nodeos-2. net_plugin.cpp:3583           plugin_shutdown      ] shutdown..
info  2022-09-01T15:52:21.303 nodeos-2. net_plugin.cpp:3600           plugin_shutdown      ] close 0 connections
info  2022-09-01T15:52:21.303 nodeos-2. net_plugin.cpp:3620           plugin_shutdown      ] exit shutdown
info  2022-09-01T15:52:21.303 nodeos-2. chain_plugin.cpp:1263         plugin_shutdown      ] chain shutdown
info  2022-09-01T15:52:21.321 nodeos-2. chain_plugin.cpp:1273         plugin_shutdown      ] chain done
info  2022-09-01T15:52:21.322 nodeos-2. main.cpp:181                  main                 ] nodeos successfully exiting
