APPBASE: Warning: The following configuration items in the config.ini file are redundantly set to
         their default value:
             sync-fetch-span, max-irreversible-block-age
         Explicit values will override future changes to application defaults. Consider commenting out or
         removing these items.
info  2022-08-31T18:05:47.286 nodeos-2. chain_plugin.cpp:638          plugin_initialize    ] initializing chain plugin
info  2022-08-31T18:05:47.286 nodeos-2. chain_plugin.cpp:469          operator()           ] Support for builtin protocol feature 'PREACTIVATE_FEATURE' (with digest of '0ec7e080177b2c02b278d5088611686b49d739925a92d9bfcacd7fc6b74053bd') is enabled without activation restrictions
info  2022-08-31T18:05:47.287 nodeos-2. chain_plugin.cpp:456          operator()           ] Support for builtin protocol feature 'ONLY_LINK_TO_EXISTING_PERMISSION' (with digest of '1a99a59d87e06e09ec5b028a9cbb7749b4a5ad8819004365d02dc4379a8b7241') is enabled with preactivation required
info  2022-08-31T18:05:47.287 nodeos-2. chain_plugin.cpp:456          operator()           ] Support for builtin protocol feature 'FORWARD_SETCODE' (with digest of '2652f5f96006294109b3dd0bbde63693f55324af452b799ee137a81a905eed25') is enabled with preactivation required
info  2022-08-31T18:05:47.287 nodeos-2. chain_plugin.cpp:456          operator()           ] Support for builtin protocol feature 'WTMSIG_BLOCK_SIGNATURES' (with digest of '299dcb6af692324b899b39f16d5a530a33062804e41f09dc97e9f156b4476707') is enabled with preactivation required
info  2022-08-31T18:05:47.287 nodeos-2. chain_plugin.cpp:456          operator()           ] Support for builtin protocol feature 'REPLACE_DEFERRED' (with digest of 'ef43112c6543b88db2283a2e077278c315ae2c84719a8b25f25cc88565fbea99') is enabled with preactivation required
info  2022-08-31T18:05:47.287 nodeos-2. chain_plugin.cpp:456          operator()           ] Support for builtin protocol feature 'NO_DUPLICATE_DEFERRED_ID' (with digest of '4a90c00d55454dc5b059055ca213579c6ea856967712a56017487886a4d4cc0f') is enabled with preactivation required
info  2022-08-31T18:05:47.287 nodeos-2. chain_plugin.cpp:456          operator()           ] Support for builtin protocol feature 'RAM_RESTRICTIONS' (with digest of '4e7bf348da00a945489b2a681749eb56f5de00b900014e137ddae39f48f69d67') is enabled with preactivation required
info  2022-08-31T18:05:47.287 nodeos-2. chain_plugin.cpp:456          operator()           ] Support for builtin protocol feature 'WEBAUTHN_KEY' (with digest of '4fca8bd82bbd181e714e283f83e1b45d95ca5af40fb89ad3977b653c448f78c2') is enabled with preactivation required
info  2022-08-31T18:05:47.287 nodeos-2. chain_plugin.cpp:456          operator()           ] Support for builtin protocol feature 'DISALLOW_EMPTY_PRODUCER_SCHEDULE' (with digest of '68dcaa34c0517d19666e6b33add67351d8c5f69e999ca1e37931bc410a297428') is enabled with preactivation required
info  2022-08-31T18:05:47.287 nodeos-2. chain_plugin.cpp:456          operator()           ] Support for builtin protocol feature 'ONLY_BILL_FIRST_AUTHORIZER' (with digest of '8ba52fe7a3956c5cd3a656a3174b931d3bb2abb45578befc59f283ecd816a405') is enabled with preactivation required
info  2022-08-31T18:05:47.287 nodeos-2. chain_plugin.cpp:456          operator()           ] Support for builtin protocol feature 'RESTRICT_ACTION_TO_SELF' (with digest of 'ad9e3d8f650687709fd68f4b90b41f7d825a365b02c23a636cef88ac2ac00c43') is enabled with preactivation required
info  2022-08-31T18:05:47.287 nodeos-2. chain_plugin.cpp:456          operator()           ] Support for builtin protocol feature 'FIX_LINKAUTH_RESTRICTION' (with digest of 'e0fb64b1085cc5538970158d05a009c24e276fb94e1a0bf6a528b48fbc4ff526') is enabled with preactivation required
info  2022-08-31T18:05:47.287 nodeos-2. chain_plugin.cpp:456          operator()           ] Support for builtin protocol feature 'GET_SENDER' (with digest of 'f0af56d2c5a48d60a4a5b5c903edfb7db3a736a94ed589d0b797df33ff9d3e1d') is enabled with preactivation required
info  2022-08-31T18:05:47.287 nodeos-2. chain_plugin.cpp:987          plugin_initialize    ] Using genesis state provided in '/home/fred/battlefield-eosio-run2/boot/eos-2.0/genesis.json'
info  2022-08-31T18:05:47.287 nodeos-2. chain_plugin.cpp:1018         plugin_initialize    ] Starting fresh blockchain state using provided genesis state.
info  2022-08-31T18:05:47.713 nodeos-2. platform_timer_accurac:62     compute_and_print_ti ] Checktime timer accuracy: min:0us max:11us mean:2us stddev:2us
info  2022-08-31T18:05:47.714 nodeos-2. http_plugin.cpp:742           plugin_initialize    ] configured http to listen on 0.0.0.0:9898
warn  2022-08-31T18:05:47.714 nodeos-2. net_api_plugin.cpp:91         plugin_initialize    ] 
**********SECURITY WARNING**********
*                                  *
* --         Net API            -- *
* - EXPOSED to the LOCAL NETWORK - *
* - USE ONLY ON SECURE NETWORKS! - *
*                                  *
************************************

info  2022-08-31T18:05:47.714 nodeos-2. producer_plugin.cpp:937       plugin_initialize    ] Subjective CPU billing disabled
warn  2022-08-31T18:05:47.714 nodeos-2. producer_api_plugin.cp:141    plugin_initialize    ] 
**********SECURITY WARNING**********
*                                  *
* --        Producer API        -- *
* - EXPOSED to the LOCAL NETWORK - *
* - USE ONLY ON SECURE NETWORKS! - *
*                                  *
************************************

info  2022-08-31T18:05:47.714 nodeos-2. main.cpp:138                  main                 ] nodeos version v2.0.12-dm.12.0 v2.0.12-dm.12.0-61551fd816d5d20835c4ccb7ed49b5d0c2553b54
info  2022-08-31T18:05:47.714 nodeos-2. main.cpp:139                  main                 ] nodeos using configuration file /home/fred/battlefield-eosio-run2/boot/eos-2.0/config.ini
info  2022-08-31T18:05:47.714 nodeos-2. main.cpp:140                  main                 ] nodeos data directory is /home/fred/battlefield-eosio-run2/boot/eos-2.0
warn  2022-08-31T18:05:47.714 nodeos-2. controller.cpp:583            startup              ] No existing chain state or fork database. Initializing fresh blockchain state and resetting fork database.
warn  2022-08-31T18:05:47.714 nodeos-2. controller.cpp:452            initialize_blockchai ] Initializing new blockchain with genesis state
info  2022-08-31T18:05:47.737 nodeos-2. chain_plugin.cpp:1234         plugin_startup       ] starting chain in read/write mode
info  2022-08-31T18:05:47.737 nodeos-2. chain_plugin.cpp:1239         plugin_startup       ] Blockchain started; head block is #1, genesis timestamp is 2018-07-23T17:14:45.000
info  2022-08-31T18:05:47.737 nodeos-2. net_plugin.cpp:3481           plugin_startup       ] my node_id is bafe2dcb7283ab0128abfabc5b55fffcc2040b9b815cd4f414e27deb266e72e6
info  2022-08-31T18:05:47.737 nodeos-2. net_plugin.cpp:3537           plugin_startup       ] starting listener, max clients is 25
info  2022-08-31T18:05:47.741 nodeos-2. net_api_plugin.cpp:59         plugin_startup       ] starting net_api_plugin
info  2022-08-31T18:05:47.741 nodeos-2. http_plugin.cpp:927           add_handler          ] add api url: /v1/net/connect
info  2022-08-31T18:05:47.741 nodeos-2. http_plugin.cpp:927           add_handler          ] add api url: /v1/net/connections
info  2022-08-31T18:05:47.741 nodeos-2. http_plugin.cpp:927           add_handler          ] add api url: /v1/net/disconnect
info  2022-08-31T18:05:47.741 nodeos-2. http_plugin.cpp:927           add_handler          ] add api url: /v1/net/status
info  2022-08-31T18:05:47.741 nodeos-2. chain_api_plugin.cpp:105      plugin_startup       ] starting chain_api_plugin
info  2022-08-31T18:05:47.741 nodeos-2. http_plugin.cpp:927           add_handler          ] add api url: /v1/chain/get_info
info  2022-08-31T18:05:47.741 nodeos-2. http_plugin.cpp:927           add_handler          ] add api url: /v1/chain/abi_bin_to_json
info  2022-08-31T18:05:47.741 nodeos-2. http_plugin.cpp:927           add_handler          ] add api url: /v1/chain/abi_json_to_bin
info  2022-08-31T18:05:47.741 nodeos-2. http_plugin.cpp:927           add_handler          ] add api url: /v1/chain/get_abi
info  2022-08-31T18:05:47.741 nodeos-2. http_plugin.cpp:927           add_handler          ] add api url: /v1/chain/get_account
info  2022-08-31T18:05:47.741 nodeos-2. http_plugin.cpp:927           add_handler          ] add api url: /v1/chain/get_activated_protocol_features
info  2022-08-31T18:05:47.741 nodeos-2. http_plugin.cpp:927           add_handler          ] add api url: /v1/chain/get_block
info  2022-08-31T18:05:47.741 nodeos-2. http_plugin.cpp:927           add_handler          ] add api url: /v1/chain/get_block_header_state
info  2022-08-31T18:05:47.741 nodeos-2. http_plugin.cpp:927           add_handler          ] add api url: /v1/chain/get_code
info  2022-08-31T18:05:47.741 nodeos-2. http_plugin.cpp:927           add_handler          ] add api url: /v1/chain/get_code_hash
info  2022-08-31T18:05:47.741 nodeos-2. http_plugin.cpp:927           add_handler          ] add api url: /v1/chain/get_currency_balance
info  2022-08-31T18:05:47.741 nodeos-2. http_plugin.cpp:927           add_handler          ] add api url: /v1/chain/get_currency_stats
info  2022-08-31T18:05:47.741 nodeos-2. http_plugin.cpp:927           add_handler          ] add api url: /v1/chain/get_producer_schedule
info  2022-08-31T18:05:47.741 nodeos-2. http_plugin.cpp:927           add_handler          ] add api url: /v1/chain/get_producers
info  2022-08-31T18:05:47.741 nodeos-2. http_plugin.cpp:927           add_handler          ] add api url: /v1/chain/get_raw_abi
info  2022-08-31T18:05:47.741 nodeos-2. http_plugin.cpp:927           add_handler          ] add api url: /v1/chain/get_raw_code_and_abi
info  2022-08-31T18:05:47.741 nodeos-2. http_plugin.cpp:927           add_handler          ] add api url: /v1/chain/get_required_keys
info  2022-08-31T18:05:47.741 nodeos-2. http_plugin.cpp:927           add_handler          ] add api url: /v1/chain/get_scheduled_transactions
info  2022-08-31T18:05:47.741 nodeos-2. http_plugin.cpp:927           add_handler          ] add api url: /v1/chain/get_table_by_scope
info  2022-08-31T18:05:47.741 nodeos-2. http_plugin.cpp:927           add_handler          ] add api url: /v1/chain/get_table_rows
info  2022-08-31T18:05:47.741 nodeos-2. http_plugin.cpp:927           add_handler          ] add api url: /v1/chain/get_transaction_id
info  2022-08-31T18:05:47.741 nodeos-2. http_plugin.cpp:927           add_handler          ] add api url: /v1/chain/push_block
info  2022-08-31T18:05:47.741 nodeos-2. http_plugin.cpp:927           add_handler          ] add api url: /v1/chain/push_transaction
info  2022-08-31T18:05:47.741 nodeos-2. http_plugin.cpp:927           add_handler          ] add api url: /v1/chain/push_transactions
info  2022-08-31T18:05:47.741 nodeos-2. http_plugin.cpp:927           add_handler          ] add api url: /v1/chain/send_transaction
info  2022-08-31T18:05:47.741 nodeos-2. producer_plugin.cpp:1017      plugin_startup       ] producer plugin:  plugin_startup() begin
info  2022-08-31T18:05:47.741 nodeos-2. producer_plugin.cpp:1042      plugin_startup       ] Launching block production for 3 producers at 2022-08-31T18:05:47.741.
info  2022-08-31T18:05:47.741 nodeos-2. producer_plugin.cpp:1053      plugin_startup       ] producer plugin:  plugin_startup() end
info  2022-08-31T18:05:47.741 nodeos-2. producer_api_plugin.cp:89     plugin_startup       ] starting producer_api_plugin
info  2022-08-31T18:05:47.741 nodeos-2. http_plugin.cpp:927           add_handler          ] add api url: /v1/producer/add_greylist_accounts
info  2022-08-31T18:05:47.741 nodeos-2. http_plugin.cpp:927           add_handler          ] add api url: /v1/producer/create_snapshot
info  2022-08-31T18:05:47.741 nodeos-2. http_plugin.cpp:927           add_handler          ] add api url: /v1/producer/get_account_ram_corrections
info  2022-08-31T18:05:47.741 nodeos-2. http_plugin.cpp:927           add_handler          ] add api url: /v1/producer/get_greylist
info  2022-08-31T18:05:47.741 nodeos-2. http_plugin.cpp:927           add_handler          ] add api url: /v1/producer/get_integrity_hash
info  2022-08-31T18:05:47.741 nodeos-2. http_plugin.cpp:927           add_handler          ] add api url: /v1/producer/get_runtime_options
info  2022-08-31T18:05:47.741 nodeos-2. http_plugin.cpp:927           add_handler          ] add api url: /v1/producer/get_scheduled_protocol_feature_activations
info  2022-08-31T18:05:47.741 nodeos-2. http_plugin.cpp:927           add_handler          ] add api url: /v1/producer/get_supported_protocol_features
info  2022-08-31T18:05:47.741 nodeos-2. http_plugin.cpp:927           add_handler          ] add api url: /v1/producer/get_whitelist_blacklist
info  2022-08-31T18:05:47.741 nodeos-2. http_plugin.cpp:927           add_handler          ] add api url: /v1/producer/pause
info  2022-08-31T18:05:47.741 nodeos-2. http_plugin.cpp:927           add_handler          ] add api url: /v1/producer/paused
info  2022-08-31T18:05:47.741 nodeos-2. http_plugin.cpp:927           add_handler          ] add api url: /v1/producer/remove_greylist_accounts
info  2022-08-31T18:05:47.741 nodeos-2. http_plugin.cpp:927           add_handler          ] add api url: /v1/producer/resume
info  2022-08-31T18:05:47.741 nodeos-2. http_plugin.cpp:927           add_handler          ] add api url: /v1/producer/schedule_protocol_feature_activations
info  2022-08-31T18:05:47.741 nodeos-2. http_plugin.cpp:927           add_handler          ] add api url: /v1/producer/set_whitelist_blacklist
info  2022-08-31T18:05:47.741 nodeos-2. http_plugin.cpp:927           add_handler          ] add api url: /v1/producer/update_runtime_options
info  2022-08-31T18:05:47.742 nodeos-2. http_plugin.cpp:821           operator()           ] start listening for http requests
info  2022-08-31T18:05:47.742 nodeos-2. http_plugin.cpp:927           add_handler          ] add api url: /v1/node/get_supported_apis
info  2022-08-31T18:05:47.900 nodeos-2. producer_plugin.cpp:2293      produce_block        ] Produced block 47ede7e1f508ff1f... #2 @ 2022-08-31T18:05:48.000 signed by eosio [trxs: 0, lib: 1, confirmed: 0]
info  2022-08-31T18:05:48.402 nodeos-2. producer_plugin.cpp:2293      produce_block        ] Produced block 5e3c2eb82fc955ed... #3 @ 2022-08-31T18:05:48.500 signed by eosio [trxs: 18, lib: 2, confirmed: 0]
info  2022-08-31T18:05:48.913 nodeos-2. producer_plugin.cpp:2293      produce_block        ] Produced block 02031a810bd05d6f... #4 @ 2022-08-31T18:05:49.000 signed by eosio [trxs: 15, lib: 3, confirmed: 0]
info  2022-08-31T18:05:49.401 nodeos-2. producer_plugin.cpp:2293      produce_block        ] Produced block 6d44f1fab6f6f435... #5 @ 2022-08-31T18:05:49.500 signed by eosio [trxs: 0, lib: 4, confirmed: 0]
info  2022-08-31T18:05:49.900 nodeos-2. producer_plugin.cpp:2293      produce_block        ] Produced block 82aaea46da747b63... #6 @ 2022-08-31T18:05:50.000 signed by eosio [trxs: 0, lib: 5, confirmed: 0]
info  2022-08-31T18:05:50.400 nodeos-2. producer_plugin.cpp:2293      produce_block        ] Produced block a7fab2f5a626228b... #7 @ 2022-08-31T18:05:50.500 signed by eosio [trxs: 0, lib: 6, confirmed: 0]
info  2022-08-31T18:05:50.900 nodeos-2. producer_plugin.cpp:2293      produce_block        ] Produced block 1cdaa969c94480e9... #8 @ 2022-08-31T18:05:51.000 signed by eosio [trxs: 1, lib: 7, confirmed: 0]
info  2022-08-31T18:05:51.400 nodeos-2. producer_plugin.cpp:2293      produce_block        ] Produced block 8f4716aaf2e8509c... #9 @ 2022-08-31T18:05:51.500 signed by eosio [trxs: 5, lib: 8, confirmed: 0]
info  2022-08-31T18:05:51.900 nodeos-2. producer_plugin.cpp:2293      produce_block        ] Produced block b91c96adeda5864c... #10 @ 2022-08-31T18:05:52.000 signed by eosio [trxs: 4, lib: 9, confirmed: 0]
info  2022-08-31T18:05:52.400 nodeos-2. producer_plugin.cpp:2293      produce_block        ] Produced block 58750d61f3be464e... #11 @ 2022-08-31T18:05:52.500 signed by eosio [trxs: 0, lib: 10, confirmed: 0]
info  2022-08-31T18:05:52.900 nodeos-2. producer_plugin.cpp:2293      produce_block        ] Produced block bca44238e3f24cd4... #12 @ 2022-08-31T18:05:53.000 signed by eosio [trxs: 5, lib: 11, confirmed: 0]
info  2022-08-31T18:05:53.300 nodeos-2. producer_plugin.cpp:2293      produce_block        ] Produced block 38817da5a3b7f351... #13 @ 2022-08-31T18:05:53.500 signed by eosio [trxs: 1, lib: 12, confirmed: 0]
info  2022-08-31T18:05:53.900 nodeos-2. producer_plugin.cpp:2293      produce_block        ] Produced block 0163807ad3351f15... #14 @ 2022-08-31T18:05:54.000 signed by eosio [trxs: 1, lib: 13, confirmed: 0]
info  2022-08-31T18:05:54.400 nodeos-2. producer_plugin.cpp:2293      produce_block        ] Produced block ff8d8c4b2bb2f5f6... #15 @ 2022-08-31T18:05:54.500 signed by eosio [trxs: 1, lib: 14, confirmed: 0]
info  2022-08-31T18:05:54.900 nodeos-2. producer_plugin.cpp:2293      produce_block        ] Produced block 4d4fef53b0be69ad... #16 @ 2022-08-31T18:05:55.000 signed by eosio [trxs: 3, lib: 15, confirmed: 0]
info  2022-08-31T18:05:55.400 nodeos-2. producer_plugin.cpp:2293      produce_block        ] Produced block 78230fa18d53af96... #17 @ 2022-08-31T18:05:55.500 signed by eosio [trxs: 1, lib: 16, confirmed: 0]
info  2022-08-31T18:05:55.900 nodeos-2. producer_plugin.cpp:2293      produce_block        ] Produced block 97d4ea7e6a8b82a2... #18 @ 2022-08-31T18:05:56.000 signed by eosio [trxs: 0, lib: 17, confirmed: 0]
info  2022-08-31T18:05:56.400 nodeos-2. producer_plugin.cpp:2293      produce_block        ] Produced block 4ac6f976ce9700a8... #19 @ 2022-08-31T18:05:56.500 signed by eosio [trxs: 1, lib: 18, confirmed: 0]
info  2022-08-31T18:05:56.900 nodeos-2. producer_plugin.cpp:2293      produce_block        ] Produced block 793a2b1d0c79bdde... #20 @ 2022-08-31T18:05:57.000 signed by eosio [trxs: 1, lib: 19, confirmed: 0]
info  2022-08-31T18:05:57.408 nodeos-2. producer_plugin.cpp:2293      produce_block        ] Produced block 7999f9f6e2bd6f25... #21 @ 2022-08-31T18:05:57.500 signed by eosio [trxs: 0, lib: 20, confirmed: 0]
info  2022-08-31T18:05:57.900 nodeos-2. producer_plugin.cpp:2293      produce_block        ] Produced block 0a0a5f6ed7b27c4a... #22 @ 2022-08-31T18:05:58.000 signed by eosio [trxs: 2, lib: 21, confirmed: 0]
error 2022-08-31T18:05:58.283 nodeos-2. http_plugin.cpp:964           handle_exception     ] FC Exception encountered while processing chain.push_transaction
info  2022-08-31T18:05:58.400 nodeos-2. producer_plugin.cpp:2293      produce_block        ] Produced block 2ff40774b7dd4e63... #23 @ 2022-08-31T18:05:58.500 signed by eosio [trxs: 0, lib: 22, confirmed: 0]
info  2022-08-31T18:05:58.900 nodeos-2. producer_plugin.cpp:2293      produce_block        ] Produced block 7e45a32077b86408... #24 @ 2022-08-31T18:05:59.000 signed by eosio [trxs: 0, lib: 23, confirmed: 0]
info  2022-08-31T18:05:59.300 nodeos-2. producer_plugin.cpp:2293      produce_block        ] Produced block 80e9bcd9f136541d... #25 @ 2022-08-31T18:05:59.500 signed by eosio [trxs: 1, lib: 24, confirmed: 0]
info  2022-08-31T18:05:59.900 nodeos-2. producer_plugin.cpp:2293      produce_block        ] Produced block 3aa038d6f2acdc0d... #26 @ 2022-08-31T18:06:00.000 signed by eosio [trxs: 0, lib: 25, confirmed: 0]
info  2022-08-31T18:06:00.400 nodeos-2. producer_plugin.cpp:2293      produce_block        ] Produced block 913a545107820d19... #27 @ 2022-08-31T18:06:00.500 signed by eosio [trxs: 2, lib: 26, confirmed: 0]
info  2022-08-31T18:06:00.900 nodeos-2. producer_plugin.cpp:2293      produce_block        ] Produced block e8bc7229565bb315... #28 @ 2022-08-31T18:06:01.000 signed by eosio [trxs: 0, lib: 27, confirmed: 0]
info  2022-08-31T18:06:01.400 nodeos-2. producer_plugin.cpp:2293      produce_block        ] Produced block 972bebff78a4b734... #29 @ 2022-08-31T18:06:01.500 signed by eosio [trxs: 2, lib: 28, confirmed: 0]
info  2022-08-31T18:06:01.900 nodeos-2. producer_plugin.cpp:2293      produce_block        ] Produced block 41f9daa9eae71184... #30 @ 2022-08-31T18:06:02.000 signed by eosio [trxs: 0, lib: 29, confirmed: 0]
info  2022-08-31T18:06:02.408 nodeos-2. producer_plugin.cpp:2293      produce_block        ] Produced block e55c1d6b1f0de893... #31 @ 2022-08-31T18:06:02.500 signed by eosio [trxs: 1, lib: 30, confirmed: 0]
info  2022-08-31T18:06:02.900 nodeos-2. producer_plugin.cpp:2293      produce_block        ] Produced block 51241ebb047573d8... #32 @ 2022-08-31T18:06:03.000 signed by eosio [trxs: 1, lib: 31, confirmed: 0]
info  2022-08-31T18:06:03.400 nodeos-2. producer_plugin.cpp:2293      produce_block        ] Produced block ae7573039b86f806... #33 @ 2022-08-31T18:06:03.500 signed by eosio [trxs: 0, lib: 32, confirmed: 0]
info  2022-08-31T18:06:03.900 nodeos-2. producer_plugin.cpp:2293      produce_block        ] Produced block 878b2e9483f0f1c1... #34 @ 2022-08-31T18:06:04.000 signed by eosio [trxs: 2, lib: 33, confirmed: 0]
info  2022-08-31T18:06:04.400 nodeos-2. producer_plugin.cpp:2293      produce_block        ] Produced block 135c75d2134f7211... #35 @ 2022-08-31T18:06:04.500 signed by eosio [trxs: 0, lib: 34, confirmed: 0]
info  2022-08-31T18:06:04.900 nodeos-2. producer_plugin.cpp:2293      produce_block        ] Produced block e76ec421ec9d1af3... #36 @ 2022-08-31T18:06:05.000 signed by eosio [trxs: 1, lib: 35, confirmed: 0]
info  2022-08-31T18:06:05.300 nodeos-2. producer_plugin.cpp:2293      produce_block        ] Produced block be0e2688c31d3c4a... #37 @ 2022-08-31T18:06:05.500 signed by eosio [trxs: 2, lib: 36, confirmed: 0]
info  2022-08-31T18:06:05.900 nodeos-2. producer_plugin.cpp:2293      produce_block        ] Produced block 7ea74338a5837a16... #38 @ 2022-08-31T18:06:06.000 signed by eosio [trxs: 0, lib: 37, confirmed: 0]
info  2022-08-31T18:06:06.400 nodeos-2. producer_plugin.cpp:2293      produce_block        ] Produced block bf1cbd1446fc5871... #39 @ 2022-08-31T18:06:06.500 signed by eosio [trxs: 3, lib: 38, confirmed: 0]
info  2022-08-31T18:06:06.900 nodeos-2. producer_plugin.cpp:2293      produce_block        ] Produced block ac3480785ccf1afb... #40 @ 2022-08-31T18:06:07.000 signed by eosio [trxs: 0, lib: 39, confirmed: 0]
info  2022-08-31T18:06:07.408 nodeos-2. producer_plugin.cpp:2293      produce_block        ] Produced block 9cd9547afd42b33d... #41 @ 2022-08-31T18:06:07.500 signed by eosio [trxs: 1, lib: 40, confirmed: 0]
info  2022-08-31T18:06:07.900 nodeos-2. producer_plugin.cpp:2293      produce_block        ] Produced block 5b1ca260827549a3... #42 @ 2022-08-31T18:06:08.000 signed by eosio [trxs: 1, lib: 41, confirmed: 0]
info  2022-08-31T18:06:08.400 nodeos-2. producer_plugin.cpp:2293      produce_block        ] Produced block 72299fe6160269ee... #43 @ 2022-08-31T18:06:08.500 signed by eosio [trxs: 2, lib: 42, confirmed: 0]
info  2022-08-31T18:06:08.900 nodeos-2. producer_plugin.cpp:2293      produce_block        ] Produced block af4d2706423658af... #44 @ 2022-08-31T18:06:09.000 signed by eosio [trxs: 1, lib: 43, confirmed: 0]
info  2022-08-31T18:06:09.400 nodeos-2. producer_plugin.cpp:2293      produce_block        ] Produced block 8d5ee28151995f54... #45 @ 2022-08-31T18:06:09.500 signed by eosio [trxs: 1, lib: 44, confirmed: 0]
info  2022-08-31T18:06:09.900 nodeos-2. producer_plugin.cpp:2293      produce_block        ] Produced block 0abab306f8ed0854... #46 @ 2022-08-31T18:06:10.000 signed by eosio [trxs: 0, lib: 45, confirmed: 0]
info  2022-08-31T18:06:10.400 nodeos-2. producer_plugin.cpp:2293      produce_block        ] Produced block fbed39a316611080... #47 @ 2022-08-31T18:06:10.500 signed by eosio [trxs: 1, lib: 46, confirmed: 0]
info  2022-08-31T18:06:10.900 nodeos-2. producer_plugin.cpp:2293      produce_block        ] Produced block 56c147948eff1cd2... #48 @ 2022-08-31T18:06:11.000 signed by eosio [trxs: 0, lib: 47, confirmed: 0]
info  2022-08-31T18:06:11.300 nodeos-2. producer_plugin.cpp:2293      produce_block        ] Produced block 0f88a5ff5c5f725e... #49 @ 2022-08-31T18:06:11.500 signed by eosio [trxs: 1, lib: 48, confirmed: 0]
info  2022-08-31T18:06:11.900 nodeos-2. producer_plugin.cpp:2293      produce_block        ] Produced block eb01b737050bf6c2... #50 @ 2022-08-31T18:06:12.000 signed by eosio [trxs: 1, lib: 49, confirmed: 0]
info  2022-08-31T18:06:12.400 nodeos-2. producer_plugin.cpp:2293      produce_block        ] Produced block 8a81a18e4af39739... #51 @ 2022-08-31T18:06:12.500 signed by eosio [trxs: 0, lib: 50, confirmed: 0]
info  2022-08-31T18:06:12.900 nodeos-2. producer_plugin.cpp:2293      produce_block        ] Produced block 3b9edf360b61d427... #52 @ 2022-08-31T18:06:13.000 signed by eosio [trxs: 1, lib: 51, confirmed: 0]
info  2022-08-31T18:06:13.400 nodeos-2. producer_plugin.cpp:2293      produce_block        ] Produced block 5ec17ef557e454c2... #53 @ 2022-08-31T18:06:13.500 signed by eosio [trxs: 1, lib: 52, confirmed: 0]
info  2022-08-31T18:06:13.900 nodeos-2. producer_plugin.cpp:2293      produce_block        ] Produced block 5358a2df301550f3... #54 @ 2022-08-31T18:06:14.000 signed by eosio [trxs: 1, lib: 53, confirmed: 0]
info  2022-08-31T18:06:14.400 nodeos-2. producer_plugin.cpp:2293      produce_block        ] Produced block 5be16be114b55610... #55 @ 2022-08-31T18:06:14.500 signed by eosio [trxs: 0, lib: 54, confirmed: 0]
info  2022-08-31T18:06:14.900 nodeos-2. producer_plugin.cpp:2293      produce_block        ] Produced block 758fb38814827dbe... #56 @ 2022-08-31T18:06:15.000 signed by eosio [trxs: 1, lib: 55, confirmed: 0]
info  2022-08-31T18:06:15.400 nodeos-2. producer_plugin.cpp:2293      produce_block        ] Produced block ad67c6d03b2cdeec... #57 @ 2022-08-31T18:06:15.500 signed by eosio [trxs: 2, lib: 56, confirmed: 0]
info  2022-08-31T18:06:15.900 nodeos-2. producer_plugin.cpp:2293      produce_block        ] Produced block ff986eff3561803d... #58 @ 2022-08-31T18:06:16.000 signed by eosio [trxs: 0, lib: 57, confirmed: 0]
info  2022-08-31T18:06:16.400 nodeos-2. producer_plugin.cpp:2293      produce_block        ] Produced block 701a24ccfba4af80... #59 @ 2022-08-31T18:06:16.500 signed by eosio [trxs: 1, lib: 58, confirmed: 0]
info  2022-08-31T18:06:16.900 nodeos-2. producer_plugin.cpp:2293      produce_block        ] Produced block dcd10bcad740a368... #60 @ 2022-08-31T18:06:17.000 signed by eosio [trxs: 1, lib: 59, confirmed: 0]
info  2022-08-31T18:06:17.300 nodeos-2. producer_plugin.cpp:2293      produce_block        ] Produced block c23d4730b25c819b... #61 @ 2022-08-31T18:06:17.500 signed by eosio [trxs: 0, lib: 60, confirmed: 0]
info  2022-08-31T18:06:17.900 nodeos-2. producer_plugin.cpp:2293      produce_block        ] Produced block 2cc91017ca4f29d9... #62 @ 2022-08-31T18:06:18.000 signed by eosio [trxs: 1, lib: 61, confirmed: 0]
info  2022-08-31T18:06:18.400 nodeos-2. producer_plugin.cpp:2293      produce_block        ] Produced block ec13d7fbc1bddbe2... #63 @ 2022-08-31T18:06:18.500 signed by eosio [trxs: 1, lib: 62, confirmed: 0]
info  2022-08-31T18:06:18.900 nodeos-2. producer_plugin.cpp:2293      produce_block        ] Produced block 1e7cf19294770115... #64 @ 2022-08-31T18:06:19.000 signed by eosio [trxs: 1, lib: 63, confirmed: 0]
info  2022-08-31T18:06:19.400 nodeos-2. producer_plugin.cpp:2293      produce_block        ] Produced block 273bac3fbcadf389... #65 @ 2022-08-31T18:06:19.500 signed by eosio [trxs: 0, lib: 64, confirmed: 0]
info  2022-08-31T18:06:19.901 nodeos-2. producer_plugin.cpp:2293      produce_block        ] Produced block fb692c591bd58c52... #66 @ 2022-08-31T18:06:20.000 signed by eosio [trxs: 1, lib: 65, confirmed: 0]
info  2022-08-31T18:06:20.274 nodeos-2. controller.cpp:3067           set_proposed_produce ] proposed producer schedule with version 1
info  2022-08-31T18:06:20.400 nodeos-2. producer_plugin.cpp:2293      produce_block        ] Produced block 509e990fdc1ae59e... #67 @ 2022-08-31T18:06:20.500 signed by eosio [trxs: 1, lib: 66, confirmed: 0]
info  2022-08-31T18:06:20.500 nodeos-2. controller.cpp:1683           start_block          ] promoting proposed schedule (set in block 67) to pending; current block: 68 lib: 67 schedule: {"version":1,"producers":[{"producer_name":"eosio2","authority":[0,{"threshold":1,"keys":[{"key":"EOS5MHPYyhjBjnQZejzZHqHewPWhGTfQWSVTWYEhDmJu4SXkzgweP","weight":1}]}]}]} 
info  2022-08-31T18:06:20.900 nodeos-2. producer_plugin.cpp:2293      produce_block        ] Produced block d934b796aa84a5e7... #68 @ 2022-08-31T18:06:21.000 signed by eosio [trxs: 0, lib: 67, confirmed: 0]
info  2022-08-31T18:06:21.400 nodeos-2. producer_plugin.cpp:2293      produce_block        ] Produced block a0a11147857fff43... #69 @ 2022-08-31T18:06:21.500 signed by eosio [trxs: 0, lib: 68, confirmed: 0]
info  2022-08-31T18:06:21.900 nodeos-2. producer_plugin.cpp:2293      produce_block        ] Produced block 86693269019a64b7... #70 @ 2022-08-31T18:06:22.000 signed by eosio2 [trxs: 0, lib: 69, confirmed: 0]
info  2022-08-31T18:06:22.405 nodeos-2. producer_plugin.cpp:2293      produce_block        ] Produced block 675570149a2d09e4... #71 @ 2022-08-31T18:06:22.500 signed by eosio2 [trxs: 1, lib: 70, confirmed: 0]
info  2022-08-31T18:06:22.901 nodeos-2. producer_plugin.cpp:2293      produce_block        ] Produced block c3bff8a1cd263b37... #72 @ 2022-08-31T18:06:23.000 signed by eosio2 [trxs: 0, lib: 71, confirmed: 0]
info  2022-08-31T18:06:23.000 nodeos-2. producer_plugin.cpp:1636      start_block          ] signaling activation of the following protocol features in block 73: ["0ec7e080177b2c02b278d5088611686b49d739925a92d9bfcacd7fc6b74053bd"]
info  2022-08-31T18:06:23.308 nodeos-2. producer_plugin.cpp:2293      produce_block        ] Produced block 88cd6e318d9d9e4b... #73 @ 2022-08-31T18:06:23.500 signed by eosio2 [trxs: 1, lib: 72, confirmed: 0]
info  2022-08-31T18:06:23.901 nodeos-2. producer_plugin.cpp:2293      produce_block        ] Produced block 2737e364ed954a36... #74 @ 2022-08-31T18:06:24.000 signed by eosio2 [trxs: 0, lib: 73, confirmed: 0]
info  2022-08-31T18:06:24.400 nodeos-2. producer_plugin.cpp:2293      produce_block        ] Produced block c34e08fb77a48588... #75 @ 2022-08-31T18:06:24.500 signed by eosio2 [trxs: 0, lib: 74, confirmed: 0]
info  2022-08-31T18:06:24.900 nodeos-2. producer_plugin.cpp:2293      produce_block        ] Produced block f504d8f2c7930b96... #76 @ 2022-08-31T18:06:25.000 signed by eosio2 [trxs: 0, lib: 75, confirmed: 0]
info  2022-08-31T18:06:25.400 nodeos-2. producer_plugin.cpp:2293      produce_block        ] Produced block a9d5b286806d40ef... #77 @ 2022-08-31T18:06:25.500 signed by eosio2 [trxs: 4, lib: 76, confirmed: 0]
info  2022-08-31T18:06:25.900 nodeos-2. producer_plugin.cpp:2293      produce_block        ] Produced block cc1c897a34265a72... #78 @ 2022-08-31T18:06:26.000 signed by eosio2 [trxs: 4, lib: 77, confirmed: 0]
info  2022-08-31T18:06:26.400 nodeos-2. producer_plugin.cpp:2293      produce_block        ] Produced block 542a4b20b5222b16... #79 @ 2022-08-31T18:06:26.500 signed by eosio2 [trxs: 4, lib: 78, confirmed: 0]
info  2022-08-31T18:06:26.900 nodeos-2. producer_plugin.cpp:2293      produce_block        ] Produced block 86e7f0e25adedbff... #80 @ 2022-08-31T18:06:27.000 signed by eosio2 [trxs: 0, lib: 79, confirmed: 0]
info  2022-08-31T18:06:27.400 nodeos-2. producer_plugin.cpp:2293      produce_block        ] Produced block b798772f4611423e... #81 @ 2022-08-31T18:06:27.500 signed by eosio2 [trxs: 0, lib: 80, confirmed: 0]
info  2022-08-31T18:06:27.900 nodeos-2. producer_plugin.cpp:2293      produce_block        ] Produced block fd20eb613e3dcfc7... #82 @ 2022-08-31T18:06:28.000 signed by eosio2 [trxs: 0, lib: 81, confirmed: 0]
info  2022-08-31T18:06:28.400 nodeos-2. producer_plugin.cpp:2293      produce_block        ] Produced block 23703763e5256876... #83 @ 2022-08-31T18:06:28.500 signed by eosio2 [trxs: 0, lib: 82, confirmed: 0]
info  2022-08-31T18:06:28.900 nodeos-2. producer_plugin.cpp:2293      produce_block        ] Produced block 28fc4bfe013d6c45... #84 @ 2022-08-31T18:06:29.000 signed by eosio2 [trxs: 0, lib: 83, confirmed: 0]
info  2022-08-31T18:06:29.300 nodeos-2. producer_plugin.cpp:2293      produce_block        ] Produced block 75d658cab54663b1... #85 @ 2022-08-31T18:06:29.500 signed by eosio2 [trxs: 0, lib: 84, confirmed: 0]
info  2022-08-31T18:06:29.900 nodeos-2. producer_plugin.cpp:2293      produce_block        ] Produced block fe03f14b6910aec9... #86 @ 2022-08-31T18:06:30.000 signed by eosio2 [trxs: 0, lib: 85, confirmed: 0]
info  2022-08-31T18:06:30.400 nodeos-2. producer_plugin.cpp:2293      produce_block        ] Produced block faddf6e0a08ef3e9... #87 @ 2022-08-31T18:06:30.500 signed by eosio2 [trxs: 2, lib: 86, confirmed: 0]
info  2022-08-31T18:06:30.900 nodeos-2. producer_plugin.cpp:2293      produce_block        ] Produced block c896408f658d5197... #88 @ 2022-08-31T18:06:31.000 signed by eosio2 [trxs: 1, lib: 87, confirmed: 0]
info  2022-08-31T18:06:31.401 nodeos-2. producer_plugin.cpp:2293      produce_block        ] Produced block 24efe5411c8fe161... #89 @ 2022-08-31T18:06:31.500 signed by eosio2 [trxs: 0, lib: 88, confirmed: 0]
info  2022-08-31T18:06:31.500 nodeos-2. controller.cpp:3067           set_proposed_produce ] proposed producer schedule with version 2
info  2022-08-31T18:06:31.900 nodeos-2. producer_plugin.cpp:2293      produce_block        ] Produced block 9bb9c4d1268ffa87... #90 @ 2022-08-31T18:06:32.000 signed by eosio2 [trxs: 1, lib: 89, confirmed: 0]
info  2022-08-31T18:06:32.000 nodeos-2. controller.cpp:1683           start_block          ] promoting proposed schedule (set in block 90) to pending; current block: 91 lib: 90 schedule: {"version":2,"producers":[{"producer_name":"eosio3","authority":[0,{"threshold":1,"keys":[{"key":"EOS5MHPYyhjBjnQZejzZHqHewPWhGTfQWSVTWYEhDmJu4SXkzgweP","weight":1}]}]}]} 
info  2022-08-31T18:06:32.400 nodeos-2. producer_plugin.cpp:2293      produce_block        ] Produced block 555f0f6149bf6d07... #91 @ 2022-08-31T18:06:32.500 signed by eosio2 [trxs: 0, lib: 90, confirmed: 0]
info  2022-08-31T18:06:32.900 nodeos-2. producer_plugin.cpp:2293      produce_block        ] Produced block c3d194ec23453f23... #92 @ 2022-08-31T18:06:33.000 signed by eosio2 [trxs: 0, lib: 91, confirmed: 0]
info  2022-08-31T18:06:33.411 nodeos-2. producer_plugin.cpp:2293      produce_block        ] Produced block 67f6d7630e9a389a... #93 @ 2022-08-31T18:06:33.500 signed by eosio3 [trxs: 0, lib: 92, confirmed: 0]
info  2022-08-31T18:06:33.908 nodeos-2. producer_plugin.cpp:2293      produce_block        ] Produced block 1b439ac118dc3ec3... #94 @ 2022-08-31T18:06:34.000 signed by eosio3 [trxs: 1, lib: 93, confirmed: 0]
info  2022-08-31T18:06:34.401 nodeos-2. producer_plugin.cpp:2293      produce_block        ] Produced block 5d5635387daad6e0... #95 @ 2022-08-31T18:06:34.500 signed by eosio3 [trxs: 2, lib: 94, confirmed: 0]
info  2022-08-31T18:06:34.900 nodeos-2. producer_plugin.cpp:2293      produce_block        ] Produced block 33e29e4954382a60... #96 @ 2022-08-31T18:06:35.000 signed by eosio3 [trxs: 5, lib: 95, confirmed: 0]
info  2022-08-31T18:06:35.300 nodeos-2. producer_plugin.cpp:2293      produce_block        ] Produced block 33566161813fbe4f... #97 @ 2022-08-31T18:06:35.500 signed by eosio3 [trxs: 4, lib: 96, confirmed: 0]
info  2022-08-31T18:06:35.900 nodeos-2. producer_plugin.cpp:2293      produce_block        ] Produced block f8074ebf32eb5c1e... #98 @ 2022-08-31T18:06:36.000 signed by eosio3 [trxs: 5, lib: 97, confirmed: 0]
info  2022-08-31T18:06:36.400 nodeos-2. producer_plugin.cpp:2293      produce_block        ] Produced block b1024b9ae59f6fa4... #99 @ 2022-08-31T18:06:36.500 signed by eosio3 [trxs: 5, lib: 98, confirmed: 0]
info  2022-08-31T18:06:36.900 nodeos-2. producer_plugin.cpp:2293      produce_block        ] Produced block d370d094557c102d... #100 @ 2022-08-31T18:06:37.000 signed by eosio3 [trxs: 5, lib: 99, confirmed: 0]
info  2022-08-31T18:06:37.400 nodeos-2. producer_plugin.cpp:2293      produce_block        ] Produced block dde8472d5c228b33... #101 @ 2022-08-31T18:06:37.500 signed by eosio3 [trxs: 5, lib: 100, confirmed: 0]
info  2022-08-31T18:06:37.900 nodeos-2. producer_plugin.cpp:2293      produce_block        ] Produced block 1f11cb93b41e0e40... #102 @ 2022-08-31T18:06:38.000 signed by eosio3 [trxs: 5, lib: 101, confirmed: 0]
info  2022-08-31T18:06:38.400 nodeos-2. producer_plugin.cpp:2293      produce_block        ] Produced block e6e5d252f4aea75d... #103 @ 2022-08-31T18:06:38.500 signed by eosio3 [trxs: 5, lib: 102, confirmed: 0]
info  2022-08-31T18:06:38.900 nodeos-2. producer_plugin.cpp:2293      produce_block        ] Produced block 964ebaaa9f3e2fe3... #104 @ 2022-08-31T18:06:39.000 signed by eosio3 [trxs: 5, lib: 103, confirmed: 0]
info  2022-08-31T18:06:39.400 nodeos-2. producer_plugin.cpp:2293      produce_block        ] Produced block 9d113c1813791d6f... #105 @ 2022-08-31T18:06:39.500 signed by eosio3 [trxs: 5, lib: 104, confirmed: 0]
info  2022-08-31T18:06:39.900 nodeos-2. producer_plugin.cpp:2293      produce_block        ] Produced block fce0cd2ea97d9773... #106 @ 2022-08-31T18:06:40.000 signed by eosio3 [trxs: 5, lib: 105, confirmed: 0]
info  2022-08-31T18:06:40.400 nodeos-2. producer_plugin.cpp:2293      produce_block        ] Produced block dfe4bb5ea3ac56a4... #107 @ 2022-08-31T18:06:40.500 signed by eosio3 [trxs: 5, lib: 106, confirmed: 0]
info  2022-08-31T18:06:40.900 nodeos-2. producer_plugin.cpp:2293      produce_block        ] Produced block 239a2702dd490185... #108 @ 2022-08-31T18:06:41.000 signed by eosio3 [trxs: 5, lib: 107, confirmed: 0]
info  2022-08-31T18:06:41.300 nodeos-2. producer_plugin.cpp:2293      produce_block        ] Produced block 31efb6915da1ec87... #109 @ 2022-08-31T18:06:41.500 signed by eosio3 [trxs: 4, lib: 108, confirmed: 0]
info  2022-08-31T18:06:41.900 nodeos-2. producer_plugin.cpp:2293      produce_block        ] Produced block 7dc7fa067bc5f9f5... #110 @ 2022-08-31T18:06:42.000 signed by eosio3 [trxs: 5, lib: 109, confirmed: 0]
info  2022-08-31T18:06:42.400 nodeos-2. producer_plugin.cpp:2293      produce_block        ] Produced block 320969989b1253d4... #111 @ 2022-08-31T18:06:42.500 signed by eosio3 [trxs: 5, lib: 110, confirmed: 0]
info  2022-08-31T18:06:42.900 nodeos-2. producer_plugin.cpp:2293      produce_block        ] Produced block 9d7212ebb5a0ec8d... #112 @ 2022-08-31T18:06:43.000 signed by eosio3 [trxs: 5, lib: 111, confirmed: 0]
info  2022-08-31T18:06:43.400 nodeos-2. producer_plugin.cpp:2293      produce_block        ] Produced block 91596455a6e1c82e... #113 @ 2022-08-31T18:06:43.500 signed by eosio3 [trxs: 5, lib: 112, confirmed: 0]
info  2022-08-31T18:06:43.900 nodeos-2. producer_plugin.cpp:2293      produce_block        ] Produced block 208980ff29df38bd... #114 @ 2022-08-31T18:06:44.000 signed by eosio3 [trxs: 5, lib: 113, confirmed: 0]
info  2022-08-31T18:06:44.400 nodeos-2. producer_plugin.cpp:2293      produce_block        ] Produced block ea4a906da396ac68... #115 @ 2022-08-31T18:06:44.500 signed by eosio3 [trxs: 5, lib: 114, confirmed: 0]
info  2022-08-31T18:06:44.900 nodeos-2. producer_plugin.cpp:2293      produce_block        ] Produced block d8e82418a3a6fc1d... #116 @ 2022-08-31T18:06:45.000 signed by eosio3 [trxs: 5, lib: 115, confirmed: 0]
info  2022-08-31T18:06:45.400 nodeos-2. producer_plugin.cpp:2293      produce_block        ] Produced block ff2533b8e3058a13... #117 @ 2022-08-31T18:06:45.500 signed by eosio3 [trxs: 5, lib: 116, confirmed: 0]
info  2022-08-31T18:06:45.900 nodeos-2. producer_plugin.cpp:2293      produce_block        ] Produced block 1fc9d38d40746556... #118 @ 2022-08-31T18:06:46.000 signed by eosio3 [trxs: 5, lib: 117, confirmed: 0]
info  2022-08-31T18:06:46.400 nodeos-2. producer_plugin.cpp:2293      produce_block        ] Produced block 3719ea32075b55cb... #119 @ 2022-08-31T18:06:46.500 signed by eosio3 [trxs: 5, lib: 118, confirmed: 0]
info  2022-08-31T18:06:46.900 nodeos-2. producer_plugin.cpp:2293      produce_block        ] Produced block be69ef58129ee17b... #120 @ 2022-08-31T18:06:47.000 signed by eosio3 [trxs: 5, lib: 119, confirmed: 0]
info  2022-08-31T18:06:47.300 nodeos-2. producer_plugin.cpp:2293      produce_block        ] Produced block 4f8a92164f3edc2d... #121 @ 2022-08-31T18:06:47.500 signed by eosio3 [trxs: 4, lib: 120, confirmed: 0]
info  2022-08-31T18:06:47.900 nodeos-2. producer_plugin.cpp:2293      produce_block        ] Produced block f84ebd3a0c8292f4... #122 @ 2022-08-31T18:06:48.000 signed by eosio3 [trxs: 5, lib: 121, confirmed: 0]
info  2022-08-31T18:06:48.400 nodeos-2. producer_plugin.cpp:2293      produce_block        ] Produced block 5cbdd70fd0a3c98e... #123 @ 2022-08-31T18:06:48.500 signed by eosio3 [trxs: 5, lib: 122, confirmed: 0]
info  2022-08-31T18:06:48.900 nodeos-2. producer_plugin.cpp:2293      produce_block        ] Produced block 67a993b4611566ae... #124 @ 2022-08-31T18:06:49.000 signed by eosio3 [trxs: 5, lib: 123, confirmed: 0]
info  2022-08-31T18:06:49.400 nodeos-2. producer_plugin.cpp:2293      produce_block        ] Produced block 5e44d0535fa3a9e9... #125 @ 2022-08-31T18:06:49.500 signed by eosio3 [trxs: 5, lib: 124, confirmed: 0]
info  2022-08-31T18:06:49.900 nodeos-2. producer_plugin.cpp:2293      produce_block        ] Produced block 3c3f463427a3270a... #126 @ 2022-08-31T18:06:50.000 signed by eosio3 [trxs: 5, lib: 125, confirmed: 0]
info  2022-08-31T18:06:50.400 nodeos-2. producer_plugin.cpp:2293      produce_block        ] Produced block b7ded717fbdb368c... #127 @ 2022-08-31T18:06:50.500 signed by eosio3 [trxs: 5, lib: 126, confirmed: 0]
info  2022-08-31T18:06:50.900 nodeos-2. producer_plugin.cpp:2293      produce_block        ] Produced block 6ef917263b3bd6f1... #128 @ 2022-08-31T18:06:51.000 signed by eosio3 [trxs: 5, lib: 127, confirmed: 0]
info  2022-08-31T18:06:51.400 nodeos-2. producer_plugin.cpp:2293      produce_block        ] Produced block 1a65d1aab0f4b14a... #129 @ 2022-08-31T18:06:51.500 signed by eosio3 [trxs: 5, lib: 128, confirmed: 0]
info  2022-08-31T18:06:51.900 nodeos-2. producer_plugin.cpp:2293      produce_block        ] Produced block caf3f2b6dd869b73... #130 @ 2022-08-31T18:06:52.000 signed by eosio3 [trxs: 5, lib: 129, confirmed: 0]
info  2022-08-31T18:06:52.400 nodeos-2. producer_plugin.cpp:2293      produce_block        ] Produced block 39840e0732dcf344... #131 @ 2022-08-31T18:06:52.500 signed by eosio3 [trxs: 5, lib: 130, confirmed: 0]
info  2022-08-31T18:06:52.900 nodeos-2. producer_plugin.cpp:2293      produce_block        ] Produced block a640e2c2a4520c0a... #132 @ 2022-08-31T18:06:53.000 signed by eosio3 [trxs: 5, lib: 131, confirmed: 0]
info  2022-08-31T18:06:53.300 nodeos-2. producer_plugin.cpp:2293      produce_block        ] Produced block 53341f7cf8aa53a1... #133 @ 2022-08-31T18:06:53.500 signed by eosio3 [trxs: 4, lib: 132, confirmed: 0]
info  2022-08-31T18:06:53.900 nodeos-2. producer_plugin.cpp:2293      produce_block        ] Produced block 760c74558e83ba3d... #134 @ 2022-08-31T18:06:54.000 signed by eosio3 [trxs: 5, lib: 133, confirmed: 0]
info  2022-08-31T18:06:54.400 nodeos-2. producer_plugin.cpp:2293      produce_block        ] Produced block dbde80aecb845634... #135 @ 2022-08-31T18:06:54.500 signed by eosio3 [trxs: 5, lib: 134, confirmed: 0]
info  2022-08-31T18:06:54.900 nodeos-2. producer_plugin.cpp:2293      produce_block        ] Produced block 996c987664ba2000... #136 @ 2022-08-31T18:06:55.000 signed by eosio3 [trxs: 5, lib: 135, confirmed: 0]
info  2022-08-31T18:06:55.402 nodeos-2. producer_plugin.cpp:2293      produce_block        ] Produced block 4bf1ea0dcc933411... #137 @ 2022-08-31T18:06:55.500 signed by eosio3 [trxs: 5, lib: 136, confirmed: 0]
info  2022-08-31T18:06:55.900 nodeos-2. producer_plugin.cpp:2293      produce_block        ] Produced block ff635389132ca931... #138 @ 2022-08-31T18:06:56.000 signed by eosio3 [trxs: 5, lib: 137, confirmed: 0]
info  2022-08-31T18:06:56.400 nodeos-2. producer_plugin.cpp:2293      produce_block        ] Produced block 490b54f0d00fd857... #139 @ 2022-08-31T18:06:56.500 signed by eosio3 [trxs: 5, lib: 138, confirmed: 0]
info  2022-08-31T18:06:56.900 nodeos-2. producer_plugin.cpp:2293      produce_block        ] Produced block a8f002908ad6d91a... #140 @ 2022-08-31T18:06:57.000 signed by eosio3 [trxs: 5, lib: 139, confirmed: 0]
info  2022-08-31T18:06:57.400 nodeos-2. producer_plugin.cpp:2293      produce_block        ] Produced block 94be4a121459fe9a... #141 @ 2022-08-31T18:06:57.500 signed by eosio3 [trxs: 5, lib: 140, confirmed: 0]
info  2022-08-31T18:06:57.901 nodeos-2. producer_plugin.cpp:2293      produce_block        ] Produced block 722847dfac6eaad7... #142 @ 2022-08-31T18:06:58.000 signed by eosio3 [trxs: 5, lib: 141, confirmed: 0]
info  2022-08-31T18:06:58.400 nodeos-2. producer_plugin.cpp:2293      produce_block        ] Produced block 899a917e628d945d... #143 @ 2022-08-31T18:06:58.500 signed by eosio3 [trxs: 5, lib: 142, confirmed: 0]
info  2022-08-31T18:06:58.908 nodeos-2. producer_plugin.cpp:2293      produce_block        ] Produced block 8ba21f18d9eb6502... #144 @ 2022-08-31T18:06:59.000 signed by eosio3 [trxs: 5, lib: 143, confirmed: 0]
info  2022-08-31T18:06:59.300 nodeos-2. producer_plugin.cpp:2293      produce_block        ] Produced block 4feca5be1c2bcfb2... #145 @ 2022-08-31T18:06:59.500 signed by eosio3 [trxs: 4, lib: 144, confirmed: 0]
info  2022-08-31T18:06:59.900 nodeos-2. producer_plugin.cpp:2293      produce_block        ] Produced block 29e6f83ea7671ed5... #146 @ 2022-08-31T18:07:00.000 signed by eosio3 [trxs: 5, lib: 145, confirmed: 0]
info  2022-08-31T18:07:00.400 nodeos-2. producer_plugin.cpp:2293      produce_block        ] Produced block 062d2c9f997ba8e7... #147 @ 2022-08-31T18:07:00.500 signed by eosio3 [trxs: 5, lib: 146, confirmed: 0]
info  2022-08-31T18:07:00.900 nodeos-2. producer_plugin.cpp:2293      produce_block        ] Produced block 501f844f072cd911... #148 @ 2022-08-31T18:07:01.000 signed by eosio3 [trxs: 5, lib: 147, confirmed: 0]
info  2022-08-31T18:07:01.401 nodeos-2. producer_plugin.cpp:2293      produce_block        ] Produced block 4e23da3637f9b9f2... #149 @ 2022-08-31T18:07:01.500 signed by eosio3 [trxs: 5, lib: 148, confirmed: 0]
info  2022-08-31T18:07:01.900 nodeos-2. producer_plugin.cpp:2293      produce_block        ] Produced block b8e3bc81ae1683c5... #150 @ 2022-08-31T18:07:02.000 signed by eosio3 [trxs: 5, lib: 149, confirmed: 0]
info  2022-08-31T18:07:02.400 nodeos-2. producer_plugin.cpp:2293      produce_block        ] Produced block c7b032ff8e4218d8... #151 @ 2022-08-31T18:07:02.500 signed by eosio3 [trxs: 5, lib: 150, confirmed: 0]
info  2022-08-31T18:07:02.900 nodeos-2. producer_plugin.cpp:2293      produce_block        ] Produced block eea1ab3e4ec1f5e2... #152 @ 2022-08-31T18:07:03.000 signed by eosio3 [trxs: 5, lib: 151, confirmed: 0]
info  2022-08-31T18:07:03.400 nodeos-2. producer_plugin.cpp:2293      produce_block        ] Produced block ee30a37d742d66ed... #153 @ 2022-08-31T18:07:03.500 signed by eosio3 [trxs: 5, lib: 152, confirmed: 0]
info  2022-08-31T18:07:03.901 nodeos-2. producer_plugin.cpp:2293      produce_block        ] Produced block 1bab9871670b8f02... #154 @ 2022-08-31T18:07:04.000 signed by eosio3 [trxs: 5, lib: 153, confirmed: 0]
info  2022-08-31T18:07:04.400 nodeos-2. producer_plugin.cpp:2293      produce_block        ] Produced block 5016d3e0d17041a3... #155 @ 2022-08-31T18:07:04.500 signed by eosio3 [trxs: 5, lib: 154, confirmed: 0]
info  2022-08-31T18:07:04.900 nodeos-2. producer_plugin.cpp:2293      produce_block        ] Produced block adb0162f83ca1dc3... #156 @ 2022-08-31T18:07:05.000 signed by eosio3 [trxs: 5, lib: 155, confirmed: 0]
info  2022-08-31T18:07:05.300 nodeos-2. producer_plugin.cpp:2293      produce_block        ] Produced block 5b6e696915869114... #157 @ 2022-08-31T18:07:05.500 signed by eosio3 [trxs: 4, lib: 156, confirmed: 0]
info  2022-08-31T18:07:05.901 nodeos-2. producer_plugin.cpp:2293      produce_block        ] Produced block 13817213b06dc21d... #158 @ 2022-08-31T18:07:06.000 signed by eosio3 [trxs: 5, lib: 157, confirmed: 0]
info  2022-08-31T18:07:06.401 nodeos-2. producer_plugin.cpp:2293      produce_block        ] Produced block 063d758aefffd44a... #159 @ 2022-08-31T18:07:06.500 signed by eosio3 [trxs: 5, lib: 158, confirmed: 0]
info  2022-08-31T18:07:06.900 nodeos-2. producer_plugin.cpp:2293      produce_block        ] Produced block aaa030225d6fe752... #160 @ 2022-08-31T18:07:07.000 signed by eosio3 [trxs: 5, lib: 159, confirmed: 0]
info  2022-08-31T18:07:07.400 nodeos-2. producer_plugin.cpp:2293      produce_block        ] Produced block 95f0da4e7b0a5ecc... #161 @ 2022-08-31T18:07:07.500 signed by eosio3 [trxs: 5, lib: 160, confirmed: 0]
info  2022-08-31T18:07:07.900 nodeos-2. producer_plugin.cpp:2293      produce_block        ] Produced block e3b6c142ab79eaad... #162 @ 2022-08-31T18:07:08.000 signed by eosio3 [trxs: 5, lib: 161, confirmed: 0]
info  2022-08-31T18:07:08.400 nodeos-2. producer_plugin.cpp:2293      produce_block        ] Produced block 3ef3f3988ce5e7bf... #163 @ 2022-08-31T18:07:08.500 signed by eosio3 [trxs: 5, lib: 162, confirmed: 0]
info  2022-08-31T18:07:08.908 nodeos-2. producer_plugin.cpp:2293      produce_block        ] Produced block c85d2c819b8ee5c2... #164 @ 2022-08-31T18:07:09.000 signed by eosio3 [trxs: 5, lib: 163, confirmed: 0]
info  2022-08-31T18:07:09.400 nodeos-2. producer_plugin.cpp:2293      produce_block        ] Produced block 77a1cc832a699251... #165 @ 2022-08-31T18:07:09.500 signed by eosio3 [trxs: 5, lib: 164, confirmed: 0]
info  2022-08-31T18:07:09.900 nodeos-2. producer_plugin.cpp:2293      produce_block        ] Produced block af04a3cde4dee3c0... #166 @ 2022-08-31T18:07:10.000 signed by eosio3 [trxs: 5, lib: 165, confirmed: 0]
info  2022-08-31T18:07:10.401 nodeos-2. producer_plugin.cpp:2293      produce_block        ] Produced block 441b50f599661b25... #167 @ 2022-08-31T18:07:10.500 signed by eosio3 [trxs: 5, lib: 166, confirmed: 0]
info  2022-08-31T18:07:10.900 nodeos-2. producer_plugin.cpp:2293      produce_block        ] Produced block cee43387cb43f10b... #168 @ 2022-08-31T18:07:11.000 signed by eosio3 [trxs: 5, lib: 167, confirmed: 0]
info  2022-08-31T18:07:11.300 nodeos-2. producer_plugin.cpp:2293      produce_block        ] Produced block 31764e260af0097a... #169 @ 2022-08-31T18:07:11.500 signed by eosio3 [trxs: 4, lib: 168, confirmed: 0]
info  2022-08-31T18:07:11.900 nodeos-2. producer_plugin.cpp:2293      produce_block        ] Produced block 547d9b13bf991523... #170 @ 2022-08-31T18:07:12.000 signed by eosio3 [trxs: 5, lib: 169, confirmed: 0]
info  2022-08-31T18:07:12.400 nodeos-2. producer_plugin.cpp:2293      produce_block        ] Produced block 833a2b024414edde... #171 @ 2022-08-31T18:07:12.500 signed by eosio3 [trxs: 5, lib: 170, confirmed: 0]
info  2022-08-31T18:07:12.900 nodeos-2. producer_plugin.cpp:2293      produce_block        ] Produced block b4cdb140a2e1cabc... #172 @ 2022-08-31T18:07:13.000 signed by eosio3 [trxs: 5, lib: 171, confirmed: 0]
info  2022-08-31T18:07:13.400 nodeos-2. producer_plugin.cpp:2293      produce_block        ] Produced block 77516597abc05b61... #173 @ 2022-08-31T18:07:13.500 signed by eosio3 [trxs: 5, lib: 172, confirmed: 0]
info  2022-08-31T18:07:13.908 nodeos-2. producer_plugin.cpp:2293      produce_block        ] Produced block 21ce49761ac707bf... #174 @ 2022-08-31T18:07:14.000 signed by eosio3 [trxs: 5, lib: 173, confirmed: 0]
info  2022-08-31T18:07:14.400 nodeos-2. producer_plugin.cpp:2293      produce_block        ] Produced block 401d37a84ec8ebd7... #175 @ 2022-08-31T18:07:14.500 signed by eosio3 [trxs: 5, lib: 174, confirmed: 0]
info  2022-08-31T18:07:14.900 nodeos-2. producer_plugin.cpp:2293      produce_block        ] Produced block fe97e3c57ab9e7ac... #176 @ 2022-08-31T18:07:15.000 signed by eosio3 [trxs: 5, lib: 175, confirmed: 0]
info  2022-08-31T18:07:15.400 nodeos-2. producer_plugin.cpp:2293      produce_block        ] Produced block 64af740b3662e02b... #177 @ 2022-08-31T18:07:15.500 signed by eosio3 [trxs: 0, lib: 176, confirmed: 0]
info  2022-08-31T18:07:15.900 nodeos-2. producer_plugin.cpp:2293      produce_block        ] Produced block 8512d6764812a2b1... #178 @ 2022-08-31T18:07:16.000 signed by eosio3 [trxs: 0, lib: 177, confirmed: 0]
info  2022-08-31T18:07:16.400 nodeos-2. producer_plugin.cpp:2293      produce_block        ] Produced block da6c546d352f2612... #179 @ 2022-08-31T18:07:16.500 signed by eosio3 [trxs: 0, lib: 178, confirmed: 0]
info  2022-08-31T18:07:16.900 nodeos-2. producer_plugin.cpp:2293      produce_block        ] Produced block ca12b8fc3d71ec21... #180 @ 2022-08-31T18:07:17.000 signed by eosio3 [trxs: 0, lib: 179, confirmed: 0]
info  2022-08-31T18:07:17.300 nodeos-2. producer_plugin.cpp:2293      produce_block        ] Produced block 007592acb1adbca6... #181 @ 2022-08-31T18:07:17.500 signed by eosio3 [trxs: 0, lib: 180, confirmed: 0]
info  2022-08-31T18:07:17.900 nodeos-2. producer_plugin.cpp:2293      produce_block        ] Produced block d58ffb8324447b3f... #182 @ 2022-08-31T18:07:18.000 signed by eosio3 [trxs: 0, lib: 181, confirmed: 0]
info  2022-08-31T18:07:18.400 nodeos-2. producer_plugin.cpp:2293      produce_block        ] Produced block cc0608f4b4970df5... #183 @ 2022-08-31T18:07:18.500 signed by eosio3 [trxs: 0, lib: 182, confirmed: 0]
info  2022-08-31T18:07:18.901 nodeos-2. producer_plugin.cpp:2293      produce_block        ] Produced block 6bec7c9e5b3533cb... #184 @ 2022-08-31T18:07:19.000 signed by eosio3 [trxs: 0, lib: 183, confirmed: 0]
info  2022-08-31T18:07:19.400 nodeos-2. producer_plugin.cpp:2293      produce_block        ] Produced block b3385e2cc83be24b... #185 @ 2022-08-31T18:07:19.500 signed by eosio3 [trxs: 0, lib: 184, confirmed: 0]
info  2022-08-31T18:07:19.900 nodeos-2. producer_plugin.cpp:2293      produce_block        ] Produced block 8c331502e780e67f... #186 @ 2022-08-31T18:07:20.000 signed by eosio3 [trxs: 0, lib: 185, confirmed: 0]
info  2022-08-31T18:07:20.400 nodeos-2. producer_plugin.cpp:2293      produce_block        ] Produced block cdf942869341b77e... #187 @ 2022-08-31T18:07:20.500 signed by eosio3 [trxs: 0, lib: 186, confirmed: 0]
info  2022-08-31T18:07:20.900 nodeos-2. producer_plugin.cpp:2293      produce_block        ] Produced block 76cd1b3fbb9961e2... #188 @ 2022-08-31T18:07:21.000 signed by eosio3 [trxs: 0, lib: 187, confirmed: 0]
info  2022-08-31T18:07:21.400 nodeos-2. producer_plugin.cpp:2293      produce_block        ] Produced block 41be09b712c4d039... #189 @ 2022-08-31T18:07:21.500 signed by eosio3 [trxs: 0, lib: 188, confirmed: 0]
info  2022-08-31T18:07:21.900 nodeos-2. producer_plugin.cpp:2293      produce_block        ] Produced block 4b959ece586d038b... #190 @ 2022-08-31T18:07:22.000 signed by eosio3 [trxs: 0, lib: 189, confirmed: 0]
info  2022-08-31T18:07:22.400 nodeos-2. producer_plugin.cpp:2293      produce_block        ] Produced block 2a1b2a6371ff7f90... #191 @ 2022-08-31T18:07:22.500 signed by eosio3 [trxs: 0, lib: 190, confirmed: 0]
info  2022-08-31T18:07:22.900 nodeos-2. producer_plugin.cpp:2293      produce_block        ] Produced block f684d0dbe15355d5... #192 @ 2022-08-31T18:07:23.000 signed by eosio3 [trxs: 0, lib: 191, confirmed: 0]
info  2022-08-31T18:07:23.300 nodeos-2. producer_plugin.cpp:2293      produce_block        ] Produced block 3854627b3c69bd98... #193 @ 2022-08-31T18:07:23.500 signed by eosio3 [trxs: 0, lib: 192, confirmed: 0]
info  2022-08-31T18:07:23.908 nodeos-2. producer_plugin.cpp:2293      produce_block        ] Produced block 95c63db9aa2c8a25... #194 @ 2022-08-31T18:07:24.000 signed by eosio3 [trxs: 0, lib: 193, confirmed: 0]
info  2022-08-31T18:07:24.400 nodeos-2. producer_plugin.cpp:2293      produce_block        ] Produced block 6d08d57aec4b2266... #195 @ 2022-08-31T18:07:24.500 signed by eosio3 [trxs: 0, lib: 194, confirmed: 0]
info  2022-08-31T18:07:24.900 nodeos-2. producer_plugin.cpp:2293      produce_block        ] Produced block 255583dd78dadff6... #196 @ 2022-08-31T18:07:25.000 signed by eosio3 [trxs: 0, lib: 195, confirmed: 0]
info  2022-08-31T18:07:25.400 nodeos-2. producer_plugin.cpp:2293      produce_block        ] Produced block 0d147851237cab72... #197 @ 2022-08-31T18:07:25.500 signed by eosio3 [trxs: 0, lib: 196, confirmed: 0]
info  2022-08-31T18:07:25.900 nodeos-2. producer_plugin.cpp:2293      produce_block        ] Produced block 2e4f2d049768bbc8... #198 @ 2022-08-31T18:07:26.000 signed by eosio3 [trxs: 0, lib: 197, confirmed: 0]
info  2022-08-31T18:07:26.400 nodeos-2. producer_plugin.cpp:2293      produce_block        ] Produced block 47184d98212e5d27... #199 @ 2022-08-31T18:07:26.500 signed by eosio3 [trxs: 0, lib: 198, confirmed: 0]
info  2022-08-31T18:07:26.900 nodeos-2. producer_plugin.cpp:2293      produce_block        ] Produced block 66c7bd5cd7d6c825... #200 @ 2022-08-31T18:07:27.000 signed by eosio3 [trxs: 0, lib: 199, confirmed: 0]
info  2022-08-31T18:07:27.400 nodeos-2. producer_plugin.cpp:2293      produce_block        ] Produced block 0dc82a9a082d425a... #201 @ 2022-08-31T18:07:27.500 signed by eosio3 [trxs: 0, lib: 200, confirmed: 0]
info  2022-08-31T18:07:27.900 nodeos-2. producer_plugin.cpp:2293      produce_block        ] Produced block 14502e98acabfe5f... #202 @ 2022-08-31T18:07:28.000 signed by eosio3 [trxs: 0, lib: 201, confirmed: 0]
info  2022-08-31T18:07:28.400 nodeos-2. producer_plugin.cpp:2293      produce_block        ] Produced block f80f16137739227f... #203 @ 2022-08-31T18:07:28.500 signed by eosio3 [trxs: 0, lib: 202, confirmed: 0]
info  2022-08-31T18:07:28.908 nodeos-2. producer_plugin.cpp:2293      produce_block        ] Produced block d65619275572ec51... #204 @ 2022-08-31T18:07:29.000 signed by eosio3 [trxs: 0, lib: 203, confirmed: 0]
info  2022-08-31T18:07:29.300 nodeos-2. producer_plugin.cpp:2293      produce_block        ] Produced block f52258da11017c4f... #205 @ 2022-08-31T18:07:29.500 signed by eosio3 [trxs: 0, lib: 204, confirmed: 0]
info  2022-08-31T18:07:30.400 nodeos-2. producer_plugin.cpp:2293      produce_block        ] Produced block 17b8d8b8363cb921... #206 @ 2022-08-31T18:07:30.500 signed by eosio3 [trxs: 0, lib: 205, confirmed: 0]
info  2022-08-31T18:07:30.900 nodeos-2. producer_plugin.cpp:2293      produce_block        ] Produced block ed90ca4984451c75... #207 @ 2022-08-31T18:07:31.000 signed by eosio3 [trxs: 0, lib: 206, confirmed: 0]
info  2022-08-31T18:07:31.400 nodeos-2. producer_plugin.cpp:2293      produce_block        ] Produced block d57628e2a9fb55f3... #208 @ 2022-08-31T18:07:31.500 signed by eosio3 [trxs: 0, lib: 207, confirmed: 0]
info  2022-08-31T18:07:31.900 nodeos-2. producer_plugin.cpp:2293      produce_block        ] Produced block bd0eb5324728dace... #209 @ 2022-08-31T18:07:32.000 signed by eosio3 [trxs: 0, lib: 208, confirmed: 0]
info  2022-08-31T18:07:32.400 nodeos-2. producer_plugin.cpp:2293      produce_block        ] Produced block 55370a5f2783ea58... #210 @ 2022-08-31T18:07:32.500 signed by eosio3 [trxs: 0, lib: 209, confirmed: 0]
info  2022-08-31T18:07:32.900 nodeos-2. producer_plugin.cpp:2293      produce_block        ] Produced block ffb2245087011ea2... #211 @ 2022-08-31T18:07:33.000 signed by eosio3 [trxs: 0, lib: 210, confirmed: 0]
info  2022-08-31T18:07:33.400 nodeos-2. producer_plugin.cpp:2293      produce_block        ] Produced block 93a3263ead0ea862... #212 @ 2022-08-31T18:07:33.500 signed by eosio3 [trxs: 0, lib: 211, confirmed: 0]
info  2022-08-31T18:07:33.901 nodeos-2. producer_plugin.cpp:2293      produce_block        ] Produced block 08988633bc7fc905... #213 @ 2022-08-31T18:07:34.000 signed by eosio3 [trxs: 0, lib: 212, confirmed: 0]
info  2022-08-31T18:07:34.400 nodeos-2. producer_plugin.cpp:2293      produce_block        ] Produced block 98d01d7fa7df3be0... #214 @ 2022-08-31T18:07:34.500 signed by eosio3 [trxs: 0, lib: 213, confirmed: 0]
info  2022-08-31T18:07:34.900 nodeos-2. producer_plugin.cpp:2293      produce_block        ] Produced block 43ae53dde463e120... #215 @ 2022-08-31T18:07:35.000 signed by eosio3 [trxs: 0, lib: 214, confirmed: 0]
info  2022-08-31T18:07:35.300 nodeos-2. producer_plugin.cpp:2293      produce_block        ] Produced block 7c99fb81d1fdead4... #216 @ 2022-08-31T18:07:35.500 signed by eosio3 [trxs: 0, lib: 215, confirmed: 0]
info  2022-08-31T18:07:35.900 nodeos-2. producer_plugin.cpp:2293      produce_block        ] Produced block 1d446d1c116ec7ab... #217 @ 2022-08-31T18:07:36.000 signed by eosio3 [trxs: 0, lib: 216, confirmed: 0]
info  2022-08-31T18:07:36.400 nodeos-2. producer_plugin.cpp:2293      produce_block        ] Produced block 1fbe9a53fdaf3d3f... #218 @ 2022-08-31T18:07:36.500 signed by eosio3 [trxs: 0, lib: 217, confirmed: 0]
info  2022-08-31T18:07:36.900 nodeos-2. producer_plugin.cpp:2293      produce_block        ] Produced block 59a65e503f892a38... #219 @ 2022-08-31T18:07:37.000 signed by eosio3 [trxs: 0, lib: 218, confirmed: 0]
info  2022-08-31T18:07:37.400 nodeos-2. producer_plugin.cpp:2293      produce_block        ] Produced block 0e426e32b7138114... #220 @ 2022-08-31T18:07:37.500 signed by eosio3 [trxs: 0, lib: 219, confirmed: 0]
info  2022-08-31T18:07:37.900 nodeos-2. producer_plugin.cpp:2293      produce_block        ] Produced block c9393cbb1d90fd64... #221 @ 2022-08-31T18:07:38.000 signed by eosio3 [trxs: 0, lib: 220, confirmed: 0]
info  2022-08-31T18:07:38.400 nodeos-2. producer_plugin.cpp:2293      produce_block        ] Produced block e963611084993de0... #222 @ 2022-08-31T18:07:38.500 signed by eosio3 [trxs: 0, lib: 221, confirmed: 0]
info  2022-08-31T18:07:38.908 nodeos-2. producer_plugin.cpp:2293      produce_block        ] Produced block 9c9f2c1d6e2bc0cb... #223 @ 2022-08-31T18:07:39.000 signed by eosio3 [trxs: 0, lib: 222, confirmed: 0]
info  2022-08-31T18:07:39.400 nodeos-2. producer_plugin.cpp:2293      produce_block        ] Produced block 44a61be17e0dd593... #224 @ 2022-08-31T18:07:39.500 signed by eosio3 [trxs: 0, lib: 223, confirmed: 0]
info  2022-08-31T18:07:39.900 nodeos-2. producer_plugin.cpp:2293      produce_block        ] Produced block 30141af4b66c1bb1... #225 @ 2022-08-31T18:07:40.000 signed by eosio3 [trxs: 0, lib: 224, confirmed: 0]
info  2022-08-31T18:07:40.400 nodeos-2. producer_plugin.cpp:2293      produce_block        ] Produced block 7b80b54046196c0e... #226 @ 2022-08-31T18:07:40.500 signed by eosio3 [trxs: 0, lib: 225, confirmed: 0]
info  2022-08-31T18:07:40.900 nodeos-2. producer_plugin.cpp:2293      produce_block        ] Produced block 053d3644cbb4e9bb... #227 @ 2022-08-31T18:07:41.000 signed by eosio3 [trxs: 0, lib: 226, confirmed: 0]
info  2022-08-31T18:07:41.300 nodeos-2. producer_plugin.cpp:2293      produce_block        ] Produced block f678d97225ba759a... #228 @ 2022-08-31T18:07:41.500 signed by eosio3 [trxs: 0, lib: 227, confirmed: 0]
info  2022-08-31T18:07:41.900 nodeos-2. producer_plugin.cpp:2293      produce_block        ] Produced block 28999e1637cc88e2... #229 @ 2022-08-31T18:07:42.000 signed by eosio3 [trxs: 0, lib: 228, confirmed: 0]
info  2022-08-31T18:07:42.400 nodeos-2. producer_plugin.cpp:2293      produce_block        ] Produced block 8a0234e5a1b7455b... #230 @ 2022-08-31T18:07:42.500 signed by eosio3 [trxs: 0, lib: 229, confirmed: 0]
info  2022-08-31T18:07:42.900 nodeos-2. producer_plugin.cpp:2293      produce_block        ] Produced block f2ab5f22b916038f... #231 @ 2022-08-31T18:07:43.000 signed by eosio3 [trxs: 0, lib: 230, confirmed: 0]
info  2022-08-31T18:07:43.400 nodeos-2. producer_plugin.cpp:2293      produce_block        ] Produced block 609181fff79ddea7... #232 @ 2022-08-31T18:07:43.500 signed by eosio3 [trxs: 0, lib: 231, confirmed: 0]
info  2022-08-31T18:07:43.908 nodeos-2. producer_plugin.cpp:2293      produce_block        ] Produced block 69d75d1aeaf96a85... #233 @ 2022-08-31T18:07:44.000 signed by eosio3 [trxs: 0, lib: 232, confirmed: 0]
info  2022-08-31T18:07:44.400 nodeos-2. producer_plugin.cpp:2293      produce_block        ] Produced block be1b98caba23219a... #234 @ 2022-08-31T18:07:44.500 signed by eosio3 [trxs: 0, lib: 233, confirmed: 0]
info  2022-08-31T18:07:44.900 nodeos-2. producer_plugin.cpp:2293      produce_block        ] Produced block 39f76ab7b75a0b1a... #235 @ 2022-08-31T18:07:45.000 signed by eosio3 [trxs: 0, lib: 234, confirmed: 0]
info  2022-08-31T18:07:45.400 nodeos-2. producer_plugin.cpp:2293      produce_block        ] Produced block dde61d9015b3ee98... #236 @ 2022-08-31T18:07:45.500 signed by eosio3 [trxs: 0, lib: 235, confirmed: 0]
info  2022-08-31T18:07:45.900 nodeos-2. producer_plugin.cpp:2293      produce_block        ] Produced block e677e58f8e93c89c... #237 @ 2022-08-31T18:07:46.000 signed by eosio3 [trxs: 0, lib: 236, confirmed: 0]
info  2022-08-31T18:07:46.400 nodeos-2. producer_plugin.cpp:2293      produce_block        ] Produced block fce534090ed3b9cb... #238 @ 2022-08-31T18:07:46.500 signed by eosio3 [trxs: 0, lib: 237, confirmed: 0]
info  2022-08-31T18:07:46.403 nodeos-2. net_plugin.cpp:3583           plugin_shutdown      ] shutdown..
info  2022-08-31T18:07:46.403 nodeos-2. net_plugin.cpp:3600           plugin_shutdown      ] close 0 connections
info  2022-08-31T18:07:46.403 nodeos-2. net_plugin.cpp:3620           plugin_shutdown      ] exit shutdown
info  2022-08-31T18:07:46.403 nodeos-2. chain_plugin.cpp:1263         plugin_shutdown      ] chain shutdown
info  2022-08-31T18:07:46.423 nodeos-2. chain_plugin.cpp:1273         plugin_shutdown      ] chain done
info  2022-08-31T18:07:46.423 nodeos-2. main.cpp:181                  main                 ] nodeos successfully exiting
