info  2022-08-25T15:13:40.010 mandel-p1 chain_plugin.cpp:659          plugin_initialize    ] initializing chain plugin
info  2022-08-25T15:13:40.010 mandel-p1 chain_plugin.cpp:479          operator()           ] Support for builtin protocol feature 'PREACTIVATE_FEATURE' (with digest of '0ec7e080177b2c02b278d5088611686b49d739925a92d9bfcacd7fc6b74053bd') is enabled without activation restrictions
info  2022-08-25T15:13:40.010 mandel-p1 chain_plugin.cpp:466          operator()           ] Support for builtin protocol feature 'ONLY_LINK_TO_EXISTING_PERMISSION' (with digest of '1a99a59d87e06e09ec5b028a9cbb7749b4a5ad8819004365d02dc4379a8b7241') is enabled with preactivation required
info  2022-08-25T15:13:40.010 mandel-p1 chain_plugin.cpp:466          operator()           ] Support for builtin protocol feature 'FORWARD_SETCODE' (with digest of '2652f5f96006294109b3dd0bbde63693f55324af452b799ee137a81a905eed25') is enabled with preactivation required
info  2022-08-25T15:13:40.010 mandel-p1 chain_plugin.cpp:466          operator()           ] Support for builtin protocol feature 'WTMSIG_BLOCK_SIGNATURES' (with digest of '299dcb6af692324b899b39f16d5a530a33062804e41f09dc97e9f156b4476707') is enabled with preactivation required
info  2022-08-25T15:13:40.010 mandel-p1 chain_plugin.cpp:466          operator()           ] Support for builtin protocol feature 'REPLACE_DEFERRED' (with digest of 'ef43112c6543b88db2283a2e077278c315ae2c84719a8b25f25cc88565fbea99') is enabled with preactivation required
info  2022-08-25T15:13:40.010 mandel-p1 chain_plugin.cpp:466          operator()           ] Support for builtin protocol feature 'NO_DUPLICATE_DEFERRED_ID' (with digest of '4a90c00d55454dc5b059055ca213579c6ea856967712a56017487886a4d4cc0f') is enabled with preactivation required
info  2022-08-25T15:13:40.010 mandel-p1 chain_plugin.cpp:466          operator()           ] Support for builtin protocol feature 'RAM_RESTRICTIONS' (with digest of '4e7bf348da00a945489b2a681749eb56f5de00b900014e137ddae39f48f69d67') is enabled with preactivation required
info  2022-08-25T15:13:40.010 mandel-p1 chain_plugin.cpp:466          operator()           ] Support for builtin protocol feature 'WEBAUTHN_KEY' (with digest of '4fca8bd82bbd181e714e283f83e1b45d95ca5af40fb89ad3977b653c448f78c2') is enabled with preactivation required
info  2022-08-25T15:13:40.010 mandel-p1 chain_plugin.cpp:466          operator()           ] Support for builtin protocol feature 'DISALLOW_EMPTY_PRODUCER_SCHEDULE' (with digest of '68dcaa34c0517d19666e6b33add67351d8c5f69e999ca1e37931bc410a297428') is enabled with preactivation required
info  2022-08-25T15:13:40.010 mandel-p1 chain_plugin.cpp:466          operator()           ] Support for builtin protocol feature 'ONLY_BILL_FIRST_AUTHORIZER' (with digest of '8ba52fe7a3956c5cd3a656a3174b931d3bb2abb45578befc59f283ecd816a405') is enabled with preactivation required
info  2022-08-25T15:13:40.011 mandel-p1 chain_plugin.cpp:466          operator()           ] Support for builtin protocol feature 'RESTRICT_ACTION_TO_SELF' (with digest of 'ad9e3d8f650687709fd68f4b90b41f7d825a365b02c23a636cef88ac2ac00c43') is enabled with preactivation required
info  2022-08-25T15:13:40.011 mandel-p1 chain_plugin.cpp:466          operator()           ] Support for builtin protocol feature 'FIX_LINKAUTH_RESTRICTION' (with digest of 'e0fb64b1085cc5538970158d05a009c24e276fb94e1a0bf6a528b48fbc4ff526') is enabled with preactivation required
info  2022-08-25T15:13:40.011 mandel-p1 chain_plugin.cpp:466          operator()           ] Support for builtin protocol feature 'GET_SENDER' (with digest of 'f0af56d2c5a48d60a4a5b5c903edfb7db3a736a94ed589d0b797df33ff9d3e1d') is enabled with preactivation required
info  2022-08-25T15:13:40.011 mandel-p1 chain_plugin.cpp:466          operator()           ] Support for builtin protocol feature 'GET_BLOCK_NUM' (with digest of '35c2186cc36f7bb4aeaf4487b36e57039ccf45a9136aa856a5d569ecca55ef2b') is enabled with preactivation required
info  2022-08-25T15:13:40.011 mandel-p1 chain_plugin.cpp:576          operator()           ] Saved default specification for builtin protocol feature 'GET_BLOCK_NUM' (with digest of '35c2186cc36f7bb4aeaf4487b36e57039ccf45a9136aa856a5d569ecca55ef2b') to: /home/fred/battlefield-eosio-run2/run/data/syncer/eos-2.x/protocol_features/BUILTIN-GET_BLOCK_NUM.json
info  2022-08-25T15:13:40.011 mandel-p1 chain_plugin.cpp:466          operator()           ] Support for builtin protocol feature 'CRYPTO_PRIMITIVES' (with digest of '6bcb40a24e49c26d0a60513b6aeb8551d264e4717f306b81a37a5afb3b47cedc') is enabled with preactivation required
info  2022-08-25T15:13:40.011 mandel-p1 chain_plugin.cpp:576          operator()           ] Saved default specification for builtin protocol feature 'CRYPTO_PRIMITIVES' (with digest of '6bcb40a24e49c26d0a60513b6aeb8551d264e4717f306b81a37a5afb3b47cedc') to: /home/fred/battlefield-eosio-run2/run/data/syncer/eos-2.x/protocol_features/BUILTIN-CRYPTO_PRIMITIVES.json
info  2022-08-25T15:13:40.011 mandel-p1 chain_plugin.cpp:466          operator()           ] Support for builtin protocol feature 'GET_CODE_HASH' (with digest of 'bcd2a26394b36614fd4894241d3c451ab0f6fd110958c3423073621a70826e99') is enabled with preactivation required
info  2022-08-25T15:13:40.011 mandel-p1 chain_plugin.cpp:576          operator()           ] Saved default specification for builtin protocol feature 'GET_CODE_HASH' (with digest of 'bcd2a26394b36614fd4894241d3c451ab0f6fd110958c3423073621a70826e99') to: /home/fred/battlefield-eosio-run2/run/data/syncer/eos-2.x/protocol_features/BUILTIN-GET_CODE_HASH.json
info  2022-08-25T15:13:40.011 mandel-p1 chain_plugin.cpp:466          operator()           ] Support for builtin protocol feature 'BLOCKCHAIN_PARAMETERS' (with digest of '5443fcf88330c586bc0e5f3dee10e7f63c76c00249c87fe4fbf7f38c082006b4') is enabled with preactivation required
info  2022-08-25T15:13:40.011 mandel-p1 chain_plugin.cpp:576          operator()           ] Saved default specification for builtin protocol feature 'BLOCKCHAIN_PARAMETERS' (with digest of '5443fcf88330c586bc0e5f3dee10e7f63c76c00249c87fe4fbf7f38c082006b4') to: /home/fred/battlefield-eosio-run2/run/data/syncer/eos-2.x/protocol_features/BUILTIN-BLOCKCHAIN_PARAMETERS.json
info  2022-08-25T15:13:40.011 mandel-p1 chain_plugin.cpp:466          operator()           ] Support for builtin protocol feature 'CONFIGURABLE_WASM_LIMITS2' (with digest of 'd528b9f6e9693f45ed277af93474fd473ce7d831dae2180cca35d907bd10cb40') is enabled with preactivation required
info  2022-08-25T15:13:40.011 mandel-p1 chain_plugin.cpp:576          operator()           ] Saved default specification for builtin protocol feature 'CONFIGURABLE_WASM_LIMITS2' (with digest of 'd528b9f6e9693f45ed277af93474fd473ce7d831dae2180cca35d907bd10cb40') to: /home/fred/battlefield-eosio-run2/run/data/syncer/eos-2.x/protocol_features/BUILTIN-CONFIGURABLE_WASM_LIMITS2.json
info  2022-08-25T15:13:40.011 mandel-p1 chain_plugin.cpp:466          operator()           ] Support for builtin protocol feature 'ACTION_RETURN_VALUE' (with digest of 'c3a6138c5061cf291310887c0b5c71fcaffeab90d5deb50d3b9e687cead45071') is enabled with preactivation required
info  2022-08-25T15:13:40.011 mandel-p1 chain_plugin.cpp:576          operator()           ] Saved default specification for builtin protocol feature 'ACTION_RETURN_VALUE' (with digest of 'c3a6138c5061cf291310887c0b5c71fcaffeab90d5deb50d3b9e687cead45071') to: /home/fred/battlefield-eosio-run2/run/data/syncer/eos-2.x/protocol_features/BUILTIN-ACTION_RETURN_VALUE.json
info  2022-08-25T15:13:40.011 mandel-p1 chain_plugin.cpp:881          plugin_initialize    ] Replay requested: deleting state database
info  2022-08-25T15:13:40.011 mandel-p1 chain_plugin.cpp:959          plugin_initialize    ] Starting fresh blockchain state using genesis state extracted from blocks.log.
info  2022-08-25T15:13:40.020 mandel-p1 block_log.cpp:273             open                 ] Log is nonempty
info  2022-08-25T15:13:40.020 mandel-p1 block_log.cpp:311             open                 ] Index is nonempty
info  2022-08-25T15:13:40.430 mandel-p1 platform_timer_accurac:62     compute_and_print_ti ] Checktime timer accuracy: min:0us max:28us mean:1us stddev:2us
info  2022-08-25T15:13:40.431 mandel-p1 producer_plugin.cpp:1099      plugin_initialize    ] Subjective CPU billing disabled
info  2022-08-25T15:13:40.431 mandel-p1 resource_monitor_plugi:67     plugin_initialize    ] Monitoring interval set to 2
info  2022-08-25T15:13:40.431 mandel-p1 resource_monitor_plugi:73     plugin_initialize    ] Space usage threshold set to 90
info  2022-08-25T15:13:40.431 mandel-p1 resource_monitor_plugi:82     plugin_initialize    ] Shutdown flag when threshold exceeded set to true
info  2022-08-25T15:13:40.431 mandel-p1 resource_monitor_plugi:89     plugin_initialize    ] Warning interval set to 30
info  2022-08-25T15:13:40.431 mandel-p1 main.cpp:138                  main                 ] nodeos version v3.1.0-rc2 v3.1.0-rc2-7db3fc2cba975a3014c62fb490612671cb86af93-dirty
info  2022-08-25T15:13:40.431 mandel-p1 main.cpp:139                  main                 ] nodeos using configuration file /home/fred/battlefield-eosio-run2/run/data/syncer/eos-2.x/config.ini
info  2022-08-25T15:13:40.431 mandel-p1 main.cpp:140                  main                 ] nodeos data directory is /home/fred/battlefield-eosio-run2/run/data/syncer/eos-2.x
warn  2022-08-25T15:13:40.431 mandel-p1 controller.cpp:599            startup              ] No existing chain state or fork database. Initializing fresh blockchain state and resetting fork database.
warn  2022-08-25T15:13:40.431 mandel-p1 controller.cpp:451            initialize_blockchai ] Initializing new blockchain with genesis state
info  2022-08-25T15:13:40.436 mandel-p1 controller.cpp:489            replay               ] existing block log, attempting to replay from 2 to 382 blocks
info  2022-08-25T15:13:40.517 mandel-p1 controller.cpp:3106           set_proposed_produce ] proposed producer schedule with version 1
info  2022-08-25T15:13:40.586 mandel-p1 controller.cpp:3106           set_proposed_produce ] proposed producer schedule with version 2
info  2022-08-25T15:13:41.915 mandel-p1 controller.cpp:501            replay               ] 381 irreversible blocks replayed
info  2022-08-25T15:13:41.915 mandel-p1 controller.cpp:505            replay               ] fork database head 1, root 1
info  2022-08-25T15:13:41.915 mandel-p1 controller.cpp:507            replay               ] resetting fork database with new last irreversible block as the new root: 0000017e01e3f77704214f9faa449c544062969649adc42f288db8e18c14856d
info  2022-08-25T15:13:41.915 mandel-p1 controller.cpp:538            replay               ] 0 reversible blocks replayed
info  2022-08-25T15:13:41.915 mandel-p1 controller.cpp:548            replay               ] replayed 381 blocks in 1 seconds, 3.89196842105263174 ms/block
info  2022-08-25T15:13:41.915 mandel-p1 chain_plugin.cpp:1268         plugin_startup       ] starting chain in read/write mode
info  2022-08-25T15:13:41.915 mandel-p1 chain_plugin.cpp:1273         plugin_startup       ] Blockchain started; head block is #382, genesis timestamp is 2018-07-23T17:14:45.000
info  2022-08-25T15:13:41.915 mandel-p1 net_plugin.cpp:3670           plugin_startup       ] my node_id is 9bc7dc65a1dfb1693ba01bb59c3aa3e48b42d6c5dada61558a5d7fab9a3cc696
info  2022-08-25T15:13:41.916 mandel-p1 producer_plugin.cpp:1183      plugin_startup       ] producer plugin:  plugin_startup() begin
info  2022-08-25T15:13:41.916 mandel-p1 producer_plugin.cpp:1219      plugin_startup       ] producer plugin:  plugin_startup() end
info  2022-08-25T15:13:41.916 mandel-p1 resource_monitor_plugi:94     plugin_startup       ] Creating and starting monitor thread
info  2022-08-25T15:13:41.916 mandel-p1 file_space_handler.hpp:112    add_file_system      ] /home/fred/battlefield-eosio-run2/run/data/syncer/eos-2.x/blocks's file system monitored. shutdown_available: 49057701060, capacity: 490577010688, threshold: 90
info  2022-08-25T15:13:41.916 mandel-p1 net_plugin.cpp:3746           operator()           ] starting listener, max clients is 25
info  2022-08-25T15:14:26.977 mandel-p1 resource_monitor_plugi:122    plugin_shutdown      ] shutdown...
info  2022-08-25T15:14:26.978 mandel-p1 resource_monitor_plugi:129    plugin_shutdown      ] exit shutdown
info  2022-08-25T15:14:26.978 mandel-p1 net_plugin.cpp:3771           plugin_shutdown      ] shutdown..
info  2022-08-25T15:14:26.978 mandel-p1 net_plugin.cpp:3788           plugin_shutdown      ] close 0 connections
info  2022-08-25T15:14:26.978 mandel-p1 net_plugin.cpp:3808           plugin_shutdown      ] exit shutdown
info  2022-08-25T15:14:26.985 mandel-p1 main.cpp:181                  main                 ] nodeos successfully exiting
